{"meta": {"format": 3, "version": "7.11.0", "timestamp": "2025-11-15T09:50:11.864030", "branch_coverage": true, "show_contexts": false}, "files": {"Consumer.py": {"executed_lines": [], "summary": {"covered_lines": 0, "num_statements": 128, "percent_covered": 0.0, "percent_covered_display": "0", "missing_lines": 128, "excluded_lines": 0, "num_branches": 26, "num_partial_branches": 0, "covered_branches": 0, "missing_branches": 26}, "missing_lines": [1, 2, 3, 4, 5, 6, 7, 8, 9, 10, 11, 14, 15, 20, 24, 25, 26, 27, 28, 29, 30, 31, 32, 33, 34, 35, 37, 38, 39, 40, 41, 42, 43, 44, 46, 47, 50, 51, 53, 55, 62, 63, 64, 67, 69, 72, 74, 75, 76, 77, 78, 79, 80, 81, 82, 84, 86, 87, 90, 92, 94, 99, 101, 103, 104, 105, 106, 108, 109, 111, 112, 113, 115, 116, 117, 118, 119, 121, 122, 124, 127, 128, 130, 131, 135, 138, 140, 142, 143, 144, 146, 147, 148, 149, 150, 151, 153, 154, 155, 157, 158, 161, 162, 163, 164, 166, 167, 169, 172, 174, 175, 176, 178, 179, 180, 182, 183, 184, 186, 187, 188, 191, 192, 193, 194, 197, 198, 199], "excluded_lines": [], "executed_branches": [], "missing_branches": [[25, 26], [25, 37], [77, 78], [77, 79], [79, 80], [79, 84], [92, 94], [92, 101], [127, 128], [127, 130], [148, 149], [148, 150], [150, 151], [150, 153], [154, 155], [154, 157], [161, 146], [161, 162], [178, -172], [178, 179], [179, 180], [179, 182], [192, 178], [192, 193], [197, -1], [197, 198]], "functions": {"create_consumer": {"executed_lines": [], "summary": {"covered_lines": 0, "num_statements": 4, "percent_covered": 0.0, "percent_covered_display": "0", "missing_lines": 4, "excluded_lines": 0, "num_branches": 0, "num_partial_branches": 0, "covered_branches": 0, "missing_branches": 0}, "missing_lines": [55, 62, 63, 64], "excluded_lines": [], "executed_branches": [], "missing_branches": []}, "process_message": {"executed_lines": [], "summary": {"covered_lines": 0, "num_statements": 13, "percent_covered": 0.0, "percent_covered_display": "0", "missing_lines": 13, "excluded_lines": 0, "num_branches": 2, "num_partial_branches": 0, "covered_branches": 0, "missing_branches": 2}, "missing_lines": [115, 116, 117, 118, 119, 121, 122, 124, 127, 128, 130, 131, 135], "excluded_lines": [], "executed_branches": [], "missing_branches": [[127, 128], [127, 130]]}, "aggregate_data": {"executed_lines": [], "summary": {"covered_lines": 0, "num_statements": 22, "percent_covered": 0.0, "percent_covered_display": "0", "missing_lines": 22, "excluded_lines": 0, "num_branches": 8, "num_partial_branches": 0, "covered_branches": 0, "missing_branches": 8}, "missing_lines": [140, 142, 143, 144, 146, 147, 148, 149, 150, 151, 153, 154, 155, 157, 158, 161, 162, 163, 164, 166, 167, 169], "excluded_lines": [], "executed_branches": [], "missing_branches": [[148, 149], [148, 150], [150, 151], [150, 153], [154, 155], [154, 157], [161, 146], [161, 162]]}, "analyze_window": {"executed_lines": [], "summary": {"covered_lines": 0, "num_statements": 16, "percent_covered": 0.0, "percent_covered_display": "0", "missing_lines": 16, "excluded_lines": 0, "num_branches": 6, "num_partial_branches": 0, "covered_branches": 0, "missing_branches": 6}, "missing_lines": [174, 175, 176, 178, 179, 180, 182, 183, 184, 186, 187, 188, 191, 192, 193, 194], "excluded_lines": [], "executed_branches": [], "missing_branches": [[178, -172], [178, 179], [179, 180], [179, 182], [192, 178], [192, 193]]}, "": {"executed_lines": [], "summary": {"covered_lines": 0, "num_statements": 73, "percent_covered": 0.0, "percent_covered_display": "0", "missing_lines": 73, "excluded_lines": 0, "num_branches": 10, "num_partial_branches": 0, "covered_branches": 0, "missing_branches": 10}, "missing_lines": [1, 2, 3, 4, 5, 6, 7, 8, 9, 10, 11, 14, 15, 20, 24, 25, 26, 27, 28, 29, 30, 31, 32, 33, 34, 35, 37, 38, 39, 40, 41, 42, 43, 44, 46, 47, 50, 51, 53, 67, 69, 72, 74, 75, 76, 77, 78, 79, 80, 81, 82, 84, 86, 87, 90, 92, 94, 99, 101, 103, 104, 105, 106, 108, 109, 111, 112, 113, 138, 172, 197, 198, 199], "excluded_lines": [], "executed_branches": [], "missing_branches": [[25, 26], [25, 37], [77, 78], [77, 79], [79, 80], [79, 84], [92, 94], [92, 101], [197, -1], [197, 198]]}}, "classes": {"": {"executed_lines": [], "summary": {"covered_lines": 0, "num_statements": 128, "percent_covered": 0.0, "percent_covered_display": "0", "missing_lines": 128, "excluded_lines": 0, "num_branches": 26, "num_partial_branches": 0, "covered_branches": 0, "missing_branches": 26}, "missing_lines": [1, 2, 3, 4, 5, 6, 7, 8, 9, 10, 11, 14, 15, 20, 24, 25, 26, 27, 28, 29, 30, 31, 32, 33, 34, 35, 37, 38, 39, 40, 41, 42, 43, 44, 46, 47, 50, 51, 53, 55, 62, 63, 64, 67, 69, 72, 74, 75, 76, 77, 78, 79, 80, 81, 82, 84, 86, 87, 90, 92, 94, 99, 101, 103, 104, 105, 106, 108, 109, 111, 112, 113, 115, 116, 117, 118, 119, 121, 122, 124, 127, 128, 130, 131, 135, 138, 140, 142, 143, 144, 146, 147, 148, 149, 150, 151, 153, 154, 155, 157, 158, 161, 162, 163, 164, 166, 167, 169, 172, 174, 175, 176, 178, 179, 180, 182, 183, 184, 186, 187, 188, 191, 192, 193, 194, 197, 198, 199], "excluded_lines": [], "executed_branches": [], "missing_branches": [[25, 26], [25, 37], [77, 78], [77, 79], [79, 80], [79, 84], [92, 94], [92, 101], [127, 128], [127, 130], [148, 149], [148, 150], [150, 151], [150, 153], [154, 155], [154, 157], [161, 146], [161, 162], [178, -172], [178, 179], [179, 180], [179, 182], [192, 178], [192, 193], [197, -1], [197, 198]]}}}, "__init__.py": {"executed_lines": [1], "summary": {"covered_lines": 0, "num_statements": 0, "percent_covered": 100.0, "percent_covered_display": "100", "missing_lines": 0, "excluded_lines": 0, "num_branches": 0, "num_partial_branches": 0, "covered_branches": 0, "missing_branches": 0}, "missing_lines": [], "excluded_lines": [], "executed_branches": [], "missing_branches": [], "functions": {"": {"executed_lines": [1], "summary": {"covered_lines": 0, "num_statements": 0, "percent_covered": 100.0, "percent_covered_display": "100", "missing_lines": 0, "excluded_lines": 0, "num_branches": 0, "num_partial_branches": 0, "covered_branches": 0, "missing_branches": 0}, "missing_lines": [], "excluded_lines": [], "executed_branches": [], "missing_branches": []}}, "classes": {"": {"executed_lines": [1], "summary": {"covered_lines": 0, "num_statements": 0, "percent_covered": 100.0, "percent_covered_display": "100", "missing_lines": 0, "excluded_lines": 0, "num_branches": 0, "num_partial_branches": 0, "covered_branches": 0, "missing_branches": 0}, "missing_lines": [], "excluded_lines": [], "executed_branches": [], "missing_branches": []}}}, "api\\__init__.py": {"executed_lines": [1], "summary": {"covered_lines": 0, "num_statements": 0, "percent_covered": 100.0, "percent_covered_display": "100", "missing_lines": 0, "excluded_lines": 0, "num_branches": 0, "num_partial_branches": 0, "covered_branches": 0, "missing_branches": 0}, "missing_lines": [], "excluded_lines": [], "executed_branches": [], "missing_branches": [], "functions": {"": {"executed_lines": [1], "summary": {"covered_lines": 0, "num_statements": 0, "percent_covered": 100.0, "percent_covered_display": "100", "missing_lines": 0, "excluded_lines": 0, "num_branches": 0, "num_partial_branches": 0, "covered_branches": 0, "missing_branches": 0}, "missing_lines": [], "excluded_lines": [], "executed_branches": [], "missing_branches": []}}, "classes": {"": {"executed_lines": [1], "summary": {"covered_lines": 0, "num_statements": 0, "percent_covered": 100.0, "percent_covered_display": "100", "missing_lines": 0, "excluded_lines": 0, "num_branches": 0, "num_partial_branches": 0, "covered_branches": 0, "missing_branches": 0}, "missing_lines": [], "excluded_lines": [], "executed_branches": [], "missing_branches": []}}}, "api\\dependencies.py": {"executed_lines": [1, 5, 6, 7, 8, 9, 11, 12, 13, 15, 18, 31, 110, 133, 156, 179, 208], "summary": {"covered_lines": 16, "num_statements": 65, "percent_covered": 17.204301075268816, "percent_covered_display": "17", "missing_lines": 49, "excluded_lines": 0, "num_branches": 28, "num_partial_branches": 0, "covered_branches": 0, "missing_branches": 28}, "missing_lines": [49, 50, 52, 54, 61, 62, 69, 71, 72, 75, 77, 78, 80, 81, 87, 88, 94, 95, 96, 97, 98, 103, 105, 107, 125, 126, 130, 148, 149, 153, 171, 172, 176, 192, 193, 195, 196, 197, 198, 200, 201, 203, 204, 205, 218, 221, 222, 226, 228], "excluded_lines": [], "executed_branches": [], "missing_branches": [[49, 50], [49, 52], [61, 62], [61, 69], [71, 72], [71, 75], [77, 78], [77, 80], [80, 81], [80, 87], [87, 88], [87, 94], [94, 95], [94, 107], [97, 94], [97, 98], [125, 126], [125, 130], [148, 149], [148, 153], [171, 172], [171, 176], [192, 193], [192, 195], [197, 198], [197, 200], [221, 222], [221, 226]], "functions": {"get_current_user": {"executed_lines": [], "summary": {"covered_lines": 0, "num_statements": 24, "percent_covered": 0.0, "percent_covered_display": "0", "missing_lines": 24, "excluded_lines": 0, "num_branches": 16, "num_partial_branches": 0, "covered_branches": 0, "missing_branches": 16}, "missing_lines": [49, 50, 52, 54, 61, 62, 69, 71, 72, 75, 77, 78, 80, 81, 87, 88, 94, 95, 96, 97, 98, 103, 105, 107], "excluded_lines": [], "executed_branches": [], "missing_branches": [[49, 50], [49, 52], [61, 62], [61, 69], [71, 72], [71, 75], [77, 78], [77, 80], [80, 81], [80, 87], [87, 88], [87, 94], [94, 95], [94, 107], [97, 94], [97, 98]]}, "get_current_active_user": {"executed_lines": [], "summary": {"covered_lines": 0, "num_statements": 3, "percent_covered": 0.0, "percent_covered_display": "0", "missing_lines": 3, "excluded_lines": 0, "num_branches": 2, "num_partial_branches": 0, "covered_branches": 0, "missing_branches": 2}, "missing_lines": [125, 126, 130], "excluded_lines": [], "executed_branches": [], "missing_branches": [[125, 126], [125, 130]]}, "get_current_admin_user": {"executed_lines": [], "summary": {"covered_lines": 0, "num_statements": 3, "percent_covered": 0.0, "percent_covered_display": "0", "missing_lines": 3, "excluded_lines": 0, "num_branches": 2, "num_partial_branches": 0, "covered_branches": 0, "missing_branches": 2}, "missing_lines": [148, 149, 153], "excluded_lines": [], "executed_branches": [], "missing_branches": [[148, 149], [148, 153]]}, "get_current_engineer_user": {"executed_lines": [], "summary": {"covered_lines": 0, "num_statements": 3, "percent_covered": 0.0, "percent_covered_display": "0", "missing_lines": 3, "excluded_lines": 0, "num_branches": 2, "num_partial_branches": 0, "covered_branches": 0, "missing_branches": 2}, "missing_lines": [171, 172, 176], "excluded_lines": [], "executed_branches": [], "missing_branches": [[171, 172], [171, 176]]}, "get_optional_current_user": {"executed_lines": [], "summary": {"covered_lines": 0, "num_statements": 11, "percent_covered": 0.0, "percent_covered_display": "0", "missing_lines": 11, "excluded_lines": 0, "num_branches": 4, "num_partial_branches": 0, "covered_branches": 0, "missing_branches": 4}, "missing_lines": [192, 193, 195, 196, 197, 198, 200, 201, 203, 204, 205], "excluded_lines": [], "executed_branches": [], "missing_branches": [[192, 193], [192, 195], [197, 198], [197, 200]]}, "require_role": {"executed_lines": [], "summary": {"covered_lines": 0, "num_statements": 2, "percent_covered": 0.0, "percent_covered_display": "0", "missing_lines": 2, "excluded_lines": 0, "num_branches": 0, "num_partial_branches": 0, "covered_branches": 0, "missing_branches": 0}, "missing_lines": [218, 228], "excluded_lines": [], "executed_branches": [], "missing_branches": []}, "require_role.role_checker": {"executed_lines": [], "summary": {"covered_lines": 0, "num_statements": 3, "percent_covered": 0.0, "percent_covered_display": "0", "missing_lines": 3, "excluded_lines": 0, "num_branches": 2, "num_partial_branches": 0, "covered_branches": 0, "missing_branches": 2}, "missing_lines": [221, 222, 226], "excluded_lines": [], "executed_branches": [], "missing_branches": [[221, 222], [221, 226]]}, "": {"executed_lines": [1, 5, 6, 7, 8, 9, 11, 12, 13, 15, 18, 31, 110, 133, 156, 179, 208], "summary": {"covered_lines": 16, "num_statements": 16, "percent_covered": 100.0, "percent_covered_display": "100", "missing_lines": 0, "excluded_lines": 0, "num_branches": 0, "num_partial_branches": 0, "covered_branches": 0, "missing_branches": 0}, "missing_lines": [], "excluded_lines": [], "executed_branches": [], "missing_branches": []}}, "classes": {"": {"executed_lines": [1, 5, 6, 7, 8, 9, 11, 12, 13, 15, 18, 31, 110, 133, 156, 179, 208], "summary": {"covered_lines": 16, "num_statements": 65, "percent_covered": 17.204301075268816, "percent_covered_display": "17", "missing_lines": 49, "excluded_lines": 0, "num_branches": 28, "num_partial_branches": 0, "covered_branches": 0, "missing_branches": 28}, "missing_lines": [49, 50, 52, 54, 61, 62, 69, 71, 72, 75, 77, 78, 80, 81, 87, 88, 94, 95, 96, 97, 98, 103, 105, 107, 125, 126, 130, 148, 149, 153, 171, 172, 176, 192, 193, 195, 196, 197, 198, 200, 201, 203, 204, 205, 218, 221, 222, 226, 228], "excluded_lines": [], "executed_branches": [], "missing_branches": [[49, 50], [49, 52], [61, 62], [61, 69], [71, 72], [71, 75], [77, 78], [77, 80], [80, 81], [80, 87], [87, 88], [87, 94], [94, 95], [94, 107], [97, 94], [97, 98], [125, 126], [125, 130], [148, 149], [148, 153], [171, 172], [171, 176], [192, 193], [192, 195], [197, 198], [197, 200], [221, 222], [221, 226]]}}}, "api\\error_handlers.py": {"executed_lines": [1, 4, 5, 6, 7, 8, 9, 10, 11, 13, 15, 18, 56, 94, 134], "summary": {"covered_lines": 14, "num_statements": 39, "percent_covered": 31.11111111111111, "percent_covered_display": "31", "missing_lines": 25, "excluded_lines": 0, "num_branches": 6, "num_partial_branches": 0, "covered_branches": 0, "missing_branches": 6}, "missing_lines": [20, 22, 32, 45, 46, 47, 49, 58, 60, 61, 62, 63, 70, 75, 96, 99, 106, 107, 109, 121, 122, 128, 136, 138, 143], "excluded_lines": [], "executed_branches": [], "missing_branches": [[46, 47], [46, 49], [61, 62], [61, 70], [121, 122], [121, 128]], "functions": {"idrill_exception_handler": {"executed_lines": [], "summary": {"covered_lines": 0, "num_statements": 7, "percent_covered": 0.0, "percent_covered_display": "0", "missing_lines": 7, "excluded_lines": 0, "num_branches": 2, "num_partial_branches": 0, "covered_branches": 0, "missing_branches": 2}, "missing_lines": [20, 22, 32, 45, 46, 47, 49], "excluded_lines": [], "executed_branches": [], "missing_branches": [[46, 47], [46, 49]]}, "validation_exception_handler": {"executed_lines": [], "summary": {"covered_lines": 0, "num_statements": 7, "percent_covered": 0.0, "percent_covered_display": "0", "missing_lines": 7, "excluded_lines": 0, "num_branches": 2, "num_partial_branches": 0, "covered_branches": 0, "missing_branches": 2}, "missing_lines": [58, 60, 61, 62, 63, 70, 75], "excluded_lines": [], "executed_branches": [], "missing_branches": [[61, 62], [61, 70]]}, "general_exception_handler": {"executed_lines": [], "summary": {"covered_lines": 0, "num_statements": 8, "percent_covered": 0.0, "percent_covered_display": "0", "missing_lines": 8, "excluded_lines": 0, "num_branches": 2, "num_partial_branches": 0, "covered_branches": 0, "missing_branches": 2}, "missing_lines": [96, 99, 106, 107, 109, 121, 122, 128], "excluded_lines": [], "executed_branches": [], "missing_branches": [[121, 122], [121, 128]]}, "http_exception_handler": {"executed_lines": [], "summary": {"covered_lines": 0, "num_statements": 3, "percent_covered": 0.0, "percent_covered_display": "0", "missing_lines": 3, "excluded_lines": 0, "num_branches": 0, "num_partial_branches": 0, "covered_branches": 0, "missing_branches": 0}, "missing_lines": [136, 138, 143], "excluded_lines": [], "executed_branches": [], "missing_branches": []}, "": {"executed_lines": [1, 4, 5, 6, 7, 8, 9, 10, 11, 13, 15, 18, 56, 94, 134], "summary": {"covered_lines": 14, "num_statements": 14, "percent_covered": 100.0, "percent_covered_display": "100", "missing_lines": 0, "excluded_lines": 0, "num_branches": 0, "num_partial_branches": 0, "covered_branches": 0, "missing_branches": 0}, "missing_lines": [], "excluded_lines": [], "executed_branches": [], "missing_branches": []}}, "classes": {"": {"executed_lines": [1, 4, 5, 6, 7, 8, 9, 10, 11, 13, 15, 18, 56, 94, 134], "summary": {"covered_lines": 14, "num_statements": 39, "percent_covered": 31.11111111111111, "percent_covered_display": "31", "missing_lines": 25, "excluded_lines": 0, "num_branches": 6, "num_partial_branches": 0, "covered_branches": 0, "missing_branches": 6}, "missing_lines": [20, 22, 32, 45, 46, 47, 49, 58, 60, 61, 62, 63, 70, 75, 96, 99, 106, 107, 109, 121, 122, 128, 136, 138, 143], "excluded_lines": [], "executed_branches": [], "missing_branches": [[46, 47], [46, 49], [61, 62], [61, 70], [121, 122], [121, 128]]}}}, "api\\exceptions.py": {"executed_lines": [1, 4, 5, 8, 9, 11, 25, 26, 27, 36, 37, 38, 50, 51, 52, 60, 61, 62, 70, 71, 72, 81, 82, 83, 92, 93, 94, 104, 105, 106, 115, 116, 117, 127, 128, 129], "summary": {"covered_lines": 24, "num_statements": 45, "percent_covered": 51.06382978723404, "percent_covered_display": "51", "missing_lines": 21, "excluded_lines": 0, "num_branches": 2, "num_partial_branches": 0, "covered_branches": 0, "missing_branches": 2}, "missing_lines": [18, 19, 20, 21, 22, 28, 39, 40, 41, 42, 53, 63, 73, 84, 95, 96, 107, 118, 119, 130, 131], "excluded_lines": [], "executed_branches": [], "missing_branches": [[40, 41], [40, 42]], "functions": {"IDrillException.__init__": {"executed_lines": [], "summary": {"covered_lines": 0, "num_statements": 5, "percent_covered": 0.0, "percent_covered_display": "0", "missing_lines": 5, "excluded_lines": 0, "num_branches": 0, "num_partial_branches": 0, "covered_branches": 0, "missing_branches": 0}, "missing_lines": [18, 19, 20, 21, 22], "excluded_lines": [], "executed_branches": [], "missing_branches": []}, "ValidationError.__init__": {"executed_lines": [], "summary": {"covered_lines": 0, "num_statements": 1, "percent_covered": 0.0, "percent_covered_display": "0", "missing_lines": 1, "excluded_lines": 0, "num_branches": 0, "num_partial_branches": 0, "covered_branches": 0, "missing_branches": 0}, "missing_lines": [28], "excluded_lines": [], "executed_branches": [], "missing_branches": []}, "NotFoundError.__init__": {"executed_lines": [], "summary": {"covered_lines": 0, "num_statements": 4, "percent_covered": 0.0, "percent_covered_display": "0", "missing_lines": 4, "excluded_lines": 0, "num_branches": 2, "num_partial_branches": 0, "covered_branches": 0, "missing_branches": 2}, "missing_lines": [39, 40, 41, 42], "excluded_lines": [], "executed_branches": [], "missing_branches": [[40, 41], [40, 42]]}, "UnauthorizedError.__init__": {"executed_lines": [], "summary": {"covered_lines": 0, "num_statements": 1, "percent_covered": 0.0, "percent_covered_display": "0", "missing_lines": 1, "excluded_lines": 0, "num_branches": 0, "num_partial_branches": 0, "covered_branches": 0, "missing_branches": 0}, "missing_lines": [53], "excluded_lines": [], "executed_branches": [], "missing_branches": []}, "ForbiddenError.__init__": {"executed_lines": [], "summary": {"covered_lines": 0, "num_statements": 1, "percent_covered": 0.0, "percent_covered_display": "0", "missing_lines": 1, "excluded_lines": 0, "num_branches": 0, "num_partial_branches": 0, "covered_branches": 0, "missing_branches": 0}, "missing_lines": [63], "excluded_lines": [], "executed_branches": [], "missing_branches": []}, "ConflictError.__init__": {"executed_lines": [], "summary": {"covered_lines": 0, "num_statements": 1, "percent_covered": 0.0, "percent_covered_display": "0", "missing_lines": 1, "excluded_lines": 0, "num_branches": 0, "num_partial_branches": 0, "covered_branches": 0, "missing_branches": 0}, "missing_lines": [73], "excluded_lines": [], "executed_branches": [], "missing_branches": []}, "DatabaseError.__init__": {"executed_lines": [], "summary": {"covered_lines": 0, "num_statements": 1, "percent_covered": 0.0, "percent_covered_display": "0", "missing_lines": 1, "excluded_lines": 0, "num_branches": 0, "num_partial_branches": 0, "covered_branches": 0, "missing_branches": 0}, "missing_lines": [84], "excluded_lines": [], "executed_branches": [], "missing_branches": []}, "ServiceUnavailableError.__init__": {"executed_lines": [], "summary": {"covered_lines": 0, "num_statements": 2, "percent_covered": 0.0, "percent_covered_display": "0", "missing_lines": 2, "excluded_lines": 0, "num_branches": 0, "num_partial_branches": 0, "covered_branches": 0, "missing_branches": 0}, "missing_lines": [95, 96], "excluded_lines": [], "executed_branches": [], "missing_branches": []}, "KafkaError.__init__": {"executed_lines": [], "summary": {"covered_lines": 0, "num_statements": 1, "percent_covered": 0.0, "percent_covered_display": "0", "missing_lines": 1, "excluded_lines": 0, "num_branches": 0, "num_partial_branches": 0, "covered_branches": 0, "missing_branches": 0}, "missing_lines": [107], "excluded_lines": [], "executed_branches": [], "missing_branches": []}, "MLModelError.__init__": {"executed_lines": [], "summary": {"covered_lines": 0, "num_statements": 2, "percent_covered": 0.0, "percent_covered_display": "0", "missing_lines": 2, "excluded_lines": 0, "num_branches": 0, "num_partial_branches": 0, "covered_branches": 0, "missing_branches": 0}, "missing_lines": [118, 119], "excluded_lines": [], "executed_branches": [], "missing_branches": []}, "RateLimitError.__init__": {"executed_lines": [], "summary": {"covered_lines": 0, "num_statements": 2, "percent_covered": 0.0, "percent_covered_display": "0", "missing_lines": 2, "excluded_lines": 0, "num_branches": 0, "num_partial_branches": 0, "covered_branches": 0, "missing_branches": 0}, "missing_lines": [130, 131], "excluded_lines": [], "executed_branches": [], "missing_branches": []}, "": {"executed_lines": [1, 4, 5, 8, 9, 11, 25, 26, 27, 36, 37, 38, 50, 51, 52, 60, 61, 62, 70, 71, 72, 81, 82, 83, 92, 93, 94, 104, 105, 106, 115, 116, 117, 127, 128, 129], "summary": {"covered_lines": 24, "num_statements": 24, "percent_covered": 100.0, "percent_covered_display": "100", "missing_lines": 0, "excluded_lines": 0, "num_branches": 0, "num_partial_branches": 0, "covered_branches": 0, "missing_branches": 0}, "missing_lines": [], "excluded_lines": [], "executed_branches": [], "missing_branches": []}}, "classes": {"IDrillException": {"executed_lines": [], "summary": {"covered_lines": 0, "num_statements": 5, "percent_covered": 0.0, "percent_covered_display": "0", "missing_lines": 5, "excluded_lines": 0, "num_branches": 0, "num_partial_branches": 0, "covered_branches": 0, "missing_branches": 0}, "missing_lines": [18, 19, 20, 21, 22], "excluded_lines": [], "executed_branches": [], "missing_branches": []}, "ValidationError": {"executed_lines": [], "summary": {"covered_lines": 0, "num_statements": 1, "percent_covered": 0.0, "percent_covered_display": "0", "missing_lines": 1, "excluded_lines": 0, "num_branches": 0, "num_partial_branches": 0, "covered_branches": 0, "missing_branches": 0}, "missing_lines": [28], "excluded_lines": [], "executed_branches": [], "missing_branches": []}, "NotFoundError": {"executed_lines": [], "summary": {"covered_lines": 0, "num_statements": 4, "percent_covered": 0.0, "percent_covered_display": "0", "missing_lines": 4, "excluded_lines": 0, "num_branches": 2, "num_partial_branches": 0, "covered_branches": 0, "missing_branches": 2}, "missing_lines": [39, 40, 41, 42], "excluded_lines": [], "executed_branches": [], "missing_branches": [[40, 41], [40, 42]]}, "UnauthorizedError": {"executed_lines": [], "summary": {"covered_lines": 0, "num_statements": 1, "percent_covered": 0.0, "percent_covered_display": "0", "missing_lines": 1, "excluded_lines": 0, "num_branches": 0, "num_partial_branches": 0, "covered_branches": 0, "missing_branches": 0}, "missing_lines": [53], "excluded_lines": [], "executed_branches": [], "missing_branches": []}, "ForbiddenError": {"executed_lines": [], "summary": {"covered_lines": 0, "num_statements": 1, "percent_covered": 0.0, "percent_covered_display": "0", "missing_lines": 1, "excluded_lines": 0, "num_branches": 0, "num_partial_branches": 0, "covered_branches": 0, "missing_branches": 0}, "missing_lines": [63], "excluded_lines": [], "executed_branches": [], "missing_branches": []}, "ConflictError": {"executed_lines": [], "summary": {"covered_lines": 0, "num_statements": 1, "percent_covered": 0.0, "percent_covered_display": "0", "missing_lines": 1, "excluded_lines": 0, "num_branches": 0, "num_partial_branches": 0, "covered_branches": 0, "missing_branches": 0}, "missing_lines": [73], "excluded_lines": [], "executed_branches": [], "missing_branches": []}, "DatabaseError": {"executed_lines": [], "summary": {"covered_lines": 0, "num_statements": 1, "percent_covered": 0.0, "percent_covered_display": "0", "missing_lines": 1, "excluded_lines": 0, "num_branches": 0, "num_partial_branches": 0, "covered_branches": 0, "missing_branches": 0}, "missing_lines": [84], "excluded_lines": [], "executed_branches": [], "missing_branches": []}, "ServiceUnavailableError": {"executed_lines": [], "summary": {"covered_lines": 0, "num_statements": 2, "percent_covered": 0.0, "percent_covered_display": "0", "missing_lines": 2, "excluded_lines": 0, "num_branches": 0, "num_partial_branches": 0, "covered_branches": 0, "missing_branches": 0}, "missing_lines": [95, 96], "excluded_lines": [], "executed_branches": [], "missing_branches": []}, "KafkaError": {"executed_lines": [], "summary": {"covered_lines": 0, "num_statements": 1, "percent_covered": 0.0, "percent_covered_display": "0", "missing_lines": 1, "excluded_lines": 0, "num_branches": 0, "num_partial_branches": 0, "covered_branches": 0, "missing_branches": 0}, "missing_lines": [107], "excluded_lines": [], "executed_branches": [], "missing_branches": []}, "MLModelError": {"executed_lines": [], "summary": {"covered_lines": 0, "num_statements": 2, "percent_covered": 0.0, "percent_covered_display": "0", "missing_lines": 2, "excluded_lines": 0, "num_branches": 0, "num_partial_branches": 0, "covered_branches": 0, "missing_branches": 0}, "missing_lines": [118, 119], "excluded_lines": [], "executed_branches": [], "missing_branches": []}, "RateLimitError": {"executed_lines": [], "summary": {"covered_lines": 0, "num_statements": 2, "percent_covered": 0.0, "percent_covered_display": "0", "missing_lines": 2, "excluded_lines": 0, "num_branches": 0, "num_partial_branches": 0, "covered_branches": 0, "missing_branches": 0}, "missing_lines": [130, 131], "excluded_lines": [], "executed_branches": [], "missing_branches": []}, "": {"executed_lines": [1, 4, 5, 8, 9, 11, 25, 26, 27, 36, 37, 38, 50, 51, 52, 60, 61, 62, 70, 71, 72, 81, 82, 83, 92, 93, 94, 104, 105, 106, 115, 116, 117, 127, 128, 129], "summary": {"covered_lines": 24, "num_statements": 24, "percent_covered": 100.0, "percent_covered_display": "100", "missing_lines": 0, "excluded_lines": 0, "num_branches": 0, "num_partial_branches": 0, "covered_branches": 0, "missing_branches": 0}, "missing_lines": [], "excluded_lines": [], "executed_branches": [], "missing_branches": []}}}, "api\\models\\__init__.py": {"executed_lines": [1, 4, 5, 7], "summary": {"covered_lines": 3, "num_statements": 3, "percent_covered": 100.0, "percent_covered_display": "100", "missing_lines": 0, "excluded_lines": 0, "num_branches": 0, "num_partial_branches": 0, "covered_branches": 0, "missing_branches": 0}, "missing_lines": [], "excluded_lines": [], "executed_branches": [], "missing_branches": [], "functions": {"": {"executed_lines": [1, 4, 5, 7], "summary": {"covered_lines": 3, "num_statements": 3, "percent_covered": 100.0, "percent_covered_display": "100", "missing_lines": 0, "excluded_lines": 0, "num_branches": 0, "num_partial_branches": 0, "covered_branches": 0, "missing_branches": 0}, "missing_lines": [], "excluded_lines": [], "executed_branches": [], "missing_branches": []}}, "classes": {"": {"executed_lines": [1, 4, 5, 7], "summary": {"covered_lines": 3, "num_statements": 3, "percent_covered": 100.0, "percent_covered_display": "100", "missing_lines": 0, "excluded_lines": 0, "num_branches": 0, "num_partial_branches": 0, "covered_branches": 0, "missing_branches": 0}, "missing_lines": [], "excluded_lines": [], "executed_branches": [], "missing_branches": []}}}, "api\\models\\database_models.py": {"executed_lines": [1, 4, 5, 6, 7, 9, 12, 13, 14, 16, 17, 18, 21, 22, 23, 24, 25, 28, 29, 30, 33, 34, 35, 36, 39, 40, 43, 47, 54, 55, 56, 58, 59, 60, 61, 62, 63, 64, 65, 66, 67, 68, 69, 70, 71, 72, 73, 74, 77, 78, 79, 81, 82, 83, 84, 85, 86, 87, 88, 89, 90, 91, 92, 95, 96, 97, 99, 100, 101, 102, 103, 104, 105, 106, 107, 108, 109, 110, 113, 114, 115, 117, 118, 119, 120, 121, 122, 125, 126, 127, 129, 130, 131, 132, 133, 134, 137, 138, 139, 141, 142, 143, 144, 145, 146, 149, 150, 151, 153, 154, 155, 156, 157, 158, 159, 160, 161, 162, 163, 164, 165, 166, 167, 168, 169, 170, 173, 174, 175, 177, 178, 179, 180, 181, 182, 183, 184, 185, 188, 189, 190, 192, 193, 194, 195, 196, 197, 198, 199, 200, 201, 204, 205, 206, 208, 209, 210, 211, 212, 213, 214, 215, 216, 217, 218, 219, 220, 223, 224, 225, 227, 228, 229, 230, 231, 232, 233, 234, 235, 236, 239, 240, 241, 243, 244, 245, 246, 247, 248, 249, 250, 251, 252, 253, 254, 257, 258, 259, 261, 262, 263, 264, 265, 266, 267, 268, 269, 270, 271, 274, 275, 276, 278, 279, 280, 281, 282, 283, 284, 287, 288, 289, 291, 292, 293, 294, 295, 296, 297, 298, 299], "summary": {"covered_lines": 214, "num_statements": 214, "percent_covered": 100.0, "percent_covered_display": "100", "missing_lines": 0, "excluded_lines": 0, "num_branches": 0, "num_partial_branches": 0, "covered_branches": 0, "missing_branches": 0}, "missing_lines": [], "excluded_lines": [], "executed_branches": [], "missing_branches": [], "functions": {"": {"executed_lines": [1, 4, 5, 6, 7, 9, 12, 13, 14, 16, 17, 18, 21, 22, 23, 24, 25, 28, 29, 30, 33, 34, 35, 36, 39, 40, 43, 47, 54, 55, 56, 58, 59, 60, 61, 62, 63, 64, 65, 66, 67, 68, 69, 70, 71, 72, 73, 74, 77, 78, 79, 81, 82, 83, 84, 85, 86, 87, 88, 89, 90, 91, 92, 95, 96, 97, 99, 100, 101, 102, 103, 104, 105, 106, 107, 108, 109, 110, 113, 114, 115, 117, 118, 119, 120, 121, 122, 125, 126, 127, 129, 130, 131, 132, 133, 134, 137, 138, 139, 141, 142, 143, 144, 145, 146, 149, 150, 151, 153, 154, 155, 156, 157, 158, 159, 160, 161, 162, 163, 164, 165, 166, 167, 168, 169, 170, 173, 174, 175, 177, 178, 179, 180, 181, 182, 183, 184, 185, 188, 189, 190, 192, 193, 194, 195, 196, 197, 198, 199, 200, 201, 204, 205, 206, 208, 209, 210, 211, 212, 213, 214, 215, 216, 217, 218, 219, 220, 223, 224, 225, 227, 228, 229, 230, 231, 232, 233, 234, 235, 236, 239, 240, 241, 243, 244, 245, 246, 247, 248, 249, 250, 251, 252, 253, 254, 257, 258, 259, 261, 262, 263, 264, 265, 266, 267, 268, 269, 270, 271, 274, 275, 276, 278, 279, 280, 281, 282, 283, 284, 287, 288, 289, 291, 292, 293, 294, 295, 296, 297, 298, 299], "summary": {"covered_lines": 214, "num_statements": 214, "percent_covered": 100.0, "percent_covered_display": "100", "missing_lines": 0, "excluded_lines": 0, "num_branches": 0, "num_partial_branches": 0, "covered_branches": 0, "missing_branches": 0}, "missing_lines": [], "excluded_lines": [], "executed_branches": [], "missing_branches": []}}, "classes": {"SensorData": {"executed_lines": [], "summary": {"covered_lines": 0, "num_statements": 0, "percent_covered": 100.0, "percent_covered_display": "100", "missing_lines": 0, "excluded_lines": 0, "num_branches": 0, "num_partial_branches": 0, "covered_branches": 0, "missing_branches": 0}, "missing_lines": [], "excluded_lines": [], "executed_branches": [], "missing_branches": []}, "MaintenanceAlertDB": {"executed_lines": [], "summary": {"covered_lines": 0, "num_statements": 0, "percent_covered": 100.0, "percent_covered_display": "100", "missing_lines": 0, "excluded_lines": 0, "num_branches": 0, "num_partial_branches": 0, "covered_branches": 0, "missing_branches": 0}, "missing_lines": [], "excluded_lines": [], "executed_branches": [], "missing_branches": []}, "MaintenanceScheduleDB": {"executed_lines": [], "summary": {"covered_lines": 0, "num_statements": 0, "percent_covered": 100.0, "percent_covered_display": "100", "missing_lines": 0, "excluded_lines": 0, "num_branches": 0, "num_partial_branches": 0, "covered_branches": 0, "missing_branches": 0}, "missing_lines": [], "excluded_lines": [], "executed_branches": [], "missing_branches": []}, "UserDB": {"executed_lines": [], "summary": {"covered_lines": 0, "num_statements": 0, "percent_covered": 100.0, "percent_covered_display": "100", "missing_lines": 0, "excluded_lines": 0, "num_branches": 0, "num_partial_branches": 0, "covered_branches": 0, "missing_branches": 0}, "missing_lines": [], "excluded_lines": [], "executed_branches": [], "missing_branches": []}, "PasswordResetTokenDB": {"executed_lines": [], "summary": {"covered_lines": 0, "num_statements": 0, "percent_covered": 100.0, "percent_covered_display": "100", "missing_lines": 0, "excluded_lines": 0, "num_branches": 0, "num_partial_branches": 0, "covered_branches": 0, "missing_branches": 0}, "missing_lines": [], "excluded_lines": [], "executed_branches": [], "missing_branches": []}, "BlacklistedTokenDB": {"executed_lines": [], "summary": {"covered_lines": 0, "num_statements": 0, "percent_covered": 100.0, "percent_covered_display": "100", "missing_lines": 0, "excluded_lines": 0, "num_branches": 0, "num_partial_branches": 0, "covered_branches": 0, "missing_branches": 0}, "missing_lines": [], "excluded_lines": [], "executed_branches": [], "missing_branches": []}, "LoginAttemptDB": {"executed_lines": [], "summary": {"covered_lines": 0, "num_statements": 0, "percent_covered": 100.0, "percent_covered_display": "100", "missing_lines": 0, "excluded_lines": 0, "num_branches": 0, "num_partial_branches": 0, "covered_branches": 0, "missing_branches": 0}, "missing_lines": [], "excluded_lines": [], "executed_branches": [], "missing_branches": []}, "ChangeRequestDB": {"executed_lines": [], "summary": {"covered_lines": 0, "num_statements": 0, "percent_covered": 100.0, "percent_covered_display": "100", "missing_lines": 0, "excluded_lines": 0, "num_branches": 0, "num_partial_branches": 0, "covered_branches": 0, "missing_branches": 0}, "missing_lines": [], "excluded_lines": [], "executed_branches": [], "missing_branches": []}, "RULPredictionDB": {"executed_lines": [], "summary": {"covered_lines": 0, "num_statements": 0, "percent_covered": 100.0, "percent_covered_display": "100", "missing_lines": 0, "excluded_lines": 0, "num_branches": 0, "num_partial_branches": 0, "covered_branches": 0, "missing_branches": 0}, "missing_lines": [], "excluded_lines": [], "executed_branches": [], "missing_branches": []}, "AnomalyDetectionDB": {"executed_lines": [], "summary": {"covered_lines": 0, "num_statements": 0, "percent_covered": 100.0, "percent_covered_display": "100", "missing_lines": 0, "excluded_lines": 0, "num_branches": 0, "num_partial_branches": 0, "covered_branches": 0, "missing_branches": 0}, "missing_lines": [], "excluded_lines": [], "executed_branches": [], "missing_branches": []}, "DVRProcessHistoryDB": {"executed_lines": [], "summary": {"covered_lines": 0, "num_statements": 0, "percent_covered": 100.0, "percent_covered_display": "100", "missing_lines": 0, "excluded_lines": 0, "num_branches": 0, "num_partial_branches": 0, "covered_branches": 0, "missing_branches": 0}, "missing_lines": [], "excluded_lines": [], "executed_branches": [], "missing_branches": []}, "ModelVersionDB": {"executed_lines": [], "summary": {"covered_lines": 0, "num_statements": 0, "percent_covered": 100.0, "percent_covered_display": "100", "missing_lines": 0, "excluded_lines": 0, "num_branches": 0, "num_partial_branches": 0, "covered_branches": 0, "missing_branches": 0}, "missing_lines": [], "excluded_lines": [], "executed_branches": [], "missing_branches": []}, "WellProfileDB": {"executed_lines": [], "summary": {"covered_lines": 0, "num_statements": 0, "percent_covered": 100.0, "percent_covered_display": "100", "missing_lines": 0, "excluded_lines": 0, "num_branches": 0, "num_partial_branches": 0, "covered_branches": 0, "missing_branches": 0}, "missing_lines": [], "excluded_lines": [], "executed_branches": [], "missing_branches": []}, "DrillingSessionDB": {"executed_lines": [], "summary": {"covered_lines": 0, "num_statements": 0, "percent_covered": 100.0, "percent_covered_display": "100", "missing_lines": 0, "excluded_lines": 0, "num_branches": 0, "num_partial_branches": 0, "covered_branches": 0, "missing_branches": 0}, "missing_lines": [], "excluded_lines": [], "executed_branches": [], "missing_branches": []}, "SystemLogDB": {"executed_lines": [], "summary": {"covered_lines": 0, "num_statements": 0, "percent_covered": 100.0, "percent_covered_display": "100", "missing_lines": 0, "excluded_lines": 0, "num_branches": 0, "num_partial_branches": 0, "covered_branches": 0, "missing_branches": 0}, "missing_lines": [], "excluded_lines": [], "executed_branches": [], "missing_branches": []}, "DrillingParametersConfigDB": {"executed_lines": [], "summary": {"covered_lines": 0, "num_statements": 0, "percent_covered": 100.0, "percent_covered_display": "100", "missing_lines": 0, "excluded_lines": 0, "num_branches": 0, "num_partial_branches": 0, "covered_branches": 0, "missing_branches": 0}, "missing_lines": [], "excluded_lines": [], "executed_branches": [], "missing_branches": []}, "": {"executed_lines": [1, 4, 5, 6, 7, 9, 12, 13, 14, 16, 17, 18, 21, 22, 23, 24, 25, 28, 29, 30, 33, 34, 35, 36, 39, 40, 43, 47, 54, 55, 56, 58, 59, 60, 61, 62, 63, 64, 65, 66, 67, 68, 69, 70, 71, 72, 73, 74, 77, 78, 79, 81, 82, 83, 84, 85, 86, 87, 88, 89, 90, 91, 92, 95, 96, 97, 99, 100, 101, 102, 103, 104, 105, 106, 107, 108, 109, 110, 113, 114, 115, 117, 118, 119, 120, 121, 122, 125, 126, 127, 129, 130, 131, 132, 133, 134, 137, 138, 139, 141, 142, 143, 144, 145, 146, 149, 150, 151, 153, 154, 155, 156, 157, 158, 159, 160, 161, 162, 163, 164, 165, 166, 167, 168, 169, 170, 173, 174, 175, 177, 178, 179, 180, 181, 182, 183, 184, 185, 188, 189, 190, 192, 193, 194, 195, 196, 197, 198, 199, 200, 201, 204, 205, 206, 208, 209, 210, 211, 212, 213, 214, 215, 216, 217, 218, 219, 220, 223, 224, 225, 227, 228, 229, 230, 231, 232, 233, 234, 235, 236, 239, 240, 241, 243, 244, 245, 246, 247, 248, 249, 250, 251, 252, 253, 254, 257, 258, 259, 261, 262, 263, 264, 265, 266, 267, 268, 269, 270, 271, 274, 275, 276, 278, 279, 280, 281, 282, 283, 284, 287, 288, 289, 291, 292, 293, 294, 295, 296, 297, 298, 299], "summary": {"covered_lines": 214, "num_statements": 214, "percent_covered": 100.0, "percent_covered_display": "100", "missing_lines": 0, "excluded_lines": 0, "num_branches": 0, "num_partial_branches": 0, "covered_branches": 0, "missing_branches": 0}, "missing_lines": [], "excluded_lines": [], "executed_branches": [], "missing_branches": []}}}, "api\\models\\error_schemas.py": {"executed_lines": [], "summary": {"covered_lines": 0, "num_statements": 21, "percent_covered": 0.0, "percent_covered_display": "0", "missing_lines": 21, "excluded_lines": 0, "num_branches": 0, "num_partial_branches": 0, "covered_branches": 0, "missing_branches": 0}, "missing_lines": [4, 5, 6, 9, 11, 12, 13, 16, 18, 19, 20, 21, 22, 24, 67, 69, 70, 71, 72, 75, 77], "excluded_lines": [], "executed_branches": [], "missing_branches": [], "functions": {"": {"executed_lines": [], "summary": {"covered_lines": 0, "num_statements": 21, "percent_covered": 0.0, "percent_covered_display": "0", "missing_lines": 21, "excluded_lines": 0, "num_branches": 0, "num_partial_branches": 0, "covered_branches": 0, "missing_branches": 0}, "missing_lines": [4, 5, 6, 9, 11, 12, 13, 16, 18, 19, 20, 21, 22, 24, 67, 69, 70, 71, 72, 75, 77], "excluded_lines": [], "executed_branches": [], "missing_branches": []}}, "classes": {"ErrorDetail": {"executed_lines": [], "summary": {"covered_lines": 0, "num_statements": 0, "percent_covered": 100.0, "percent_covered_display": "100", "missing_lines": 0, "excluded_lines": 0, "num_branches": 0, "num_partial_branches": 0, "covered_branches": 0, "missing_branches": 0}, "missing_lines": [], "excluded_lines": [], "executed_branches": [], "missing_branches": []}, "ErrorResponse": {"executed_lines": [], "summary": {"covered_lines": 0, "num_statements": 0, "percent_covered": 100.0, "percent_covered_display": "100", "missing_lines": 0, "excluded_lines": 0, "num_branches": 0, "num_partial_branches": 0, "covered_branches": 0, "missing_branches": 0}, "missing_lines": [], "excluded_lines": [], "executed_branches": [], "missing_branches": []}, "ValidationErrorDetail": {"executed_lines": [], "summary": {"covered_lines": 0, "num_statements": 0, "percent_covered": 100.0, "percent_covered_display": "100", "missing_lines": 0, "excluded_lines": 0, "num_branches": 0, "num_partial_branches": 0, "covered_branches": 0, "missing_branches": 0}, "missing_lines": [], "excluded_lines": [], "executed_branches": [], "missing_branches": []}, "ValidationErrorResponse": {"executed_lines": [], "summary": {"covered_lines": 0, "num_statements": 0, "percent_covered": 100.0, "percent_covered_display": "100", "missing_lines": 0, "excluded_lines": 0, "num_branches": 0, "num_partial_branches": 0, "covered_branches": 0, "missing_branches": 0}, "missing_lines": [], "excluded_lines": [], "executed_branches": [], "missing_branches": []}, "": {"executed_lines": [], "summary": {"covered_lines": 0, "num_statements": 21, "percent_covered": 0.0, "percent_covered_display": "0", "missing_lines": 21, "excluded_lines": 0, "num_branches": 0, "num_partial_branches": 0, "covered_branches": 0, "missing_branches": 0}, "missing_lines": [4, 5, 6, 9, 11, 12, 13, 16, 18, 19, 20, 21, 22, 24, 67, 69, 70, 71, 72, 75, 77], "excluded_lines": [], "executed_branches": [], "missing_branches": []}}}, "api\\models\\schemas.py": {"executed_lines": [1, 4, 5, 6, 7, 12, 13, 14, 16, 17, 18, 21, 22, 23, 24, 25, 28, 29, 30, 33, 34, 35, 36, 39, 40, 43, 45, 46, 47, 53, 54, 55, 56, 57, 58, 61, 62, 63, 64, 65, 66, 67, 68, 71, 72, 73, 74, 75, 76, 79, 80, 81, 82, 83, 84, 85, 86, 87, 92, 93, 94, 95, 96, 97, 98, 101, 102, 103, 104, 105, 110, 111, 112, 113, 114, 115, 116, 119, 120, 121, 122, 123, 124, 128, 131, 132, 133, 134, 135, 136, 137, 138, 139, 142, 143, 144, 145, 146, 150, 153, 154, 155, 156, 157, 160, 161, 162, 163, 164, 165, 166, 167, 168, 171, 172, 173, 174, 175, 178, 179, 180, 181, 184, 185, 186, 187, 188, 189, 192, 193, 194, 195, 198, 199, 200, 203, 204, 205, 206, 207, 210, 211, 212, 215, 216, 217, 222, 223, 224, 225, 226, 229, 230, 231, 233, 234, 235, 236, 237, 238, 239, 240, 241, 242, 243, 244, 245, 246, 247, 248, 249, 252, 253, 254, 255, 256, 259, 260, 261, 263, 264, 265, 266, 267, 268, 269, 270, 271, 272, 273, 274, 277, 278, 279, 280, 281, 284, 285, 286, 287, 288, 289, 290, 293, 294, 295, 296, 297, 298, 299, 302, 303, 304, 305, 308, 309, 310, 311, 317, 318, 319, 320, 323, 324, 325, 326, 327, 328, 329, 330, 331, 332, 333, 336, 337, 338, 339, 342, 343, 344, 347, 348, 349, 352, 353, 356, 357, 358, 361, 362, 363, 366, 367, 368, 369, 370, 371, 372, 373, 374, 377, 378, 379, 382, 383, 384, 385, 386, 388, 389, 390, 396, 397, 398, 405, 406, 407, 408, 414, 415, 418, 419, 420, 421, 422, 423, 426, 427, 428, 429, 432, 433, 434, 435, 436, 439, 440, 441, 444, 445, 446, 447, 450, 451, 452, 453, 454, 457, 458, 460, 461, 462, 463, 464, 465, 466, 467, 468, 469, 470, 471, 472, 475, 476, 477, 478, 481, 482, 483, 484, 487, 488, 489, 494, 495, 496, 497, 498, 499, 502, 503, 504, 505, 506, 509, 510, 511, 514, 515, 516, 519, 520, 521, 522, 525, 526, 527, 528, 531, 532, 533, 534, 535, 536, 537, 538, 541, 542, 543, 545, 546, 547, 548, 549, 550, 551, 554, 555, 556, 557, 558, 559, 560, 563, 564, 565, 566, 569, 570, 571, 572, 573, 578, 579, 580, 581, 582, 583, 584, 585, 586, 589, 590, 591, 592, 593, 594, 595, 596, 601, 602, 603, 604, 605, 606, 609, 610, 611, 612, 613, 614, 619, 620, 621, 622, 623, 624, 627, 628, 629, 630, 631], "summary": {"covered_lines": 395, "num_statements": 406, "percent_covered": 95.87378640776699, "percent_covered_display": "96", "missing_lines": 11, "excluded_lines": 0, "num_branches": 6, "num_partial_branches": 0, "covered_branches": 0, "missing_branches": 6}, "missing_lines": [48, 49, 50, 391, 392, 393, 394, 399, 400, 401, 402], "excluded_lines": [], "executed_branches": [], "missing_branches": [[48, 49], [48, 50], [392, 393], [392, 394], [400, 401], [400, 402]], "functions": {"SensorDataPoint.parse_timestamp": {"executed_lines": [], "summary": {"covered_lines": 0, "num_statements": 3, "percent_covered": 0.0, "percent_covered_display": "0", "missing_lines": 3, "excluded_lines": 0, "num_branches": 2, "num_partial_branches": 0, "covered_branches": 0, "missing_branches": 2}, "missing_lines": [48, 49, 50], "excluded_lines": [], "executed_branches": [], "missing_branches": [[48, 49], [48, 50]]}, "RLPolicyLoadRequest._validate_model_name": {"executed_lines": [], "summary": {"covered_lines": 0, "num_statements": 4, "percent_covered": 0.0, "percent_covered_display": "0", "missing_lines": 4, "excluded_lines": 0, "num_branches": 2, "num_partial_branches": 0, "covered_branches": 0, "missing_branches": 2}, "missing_lines": [391, 392, 393, 394], "excluded_lines": [], "executed_branches": [], "missing_branches": [[392, 393], [392, 394]]}, "RLPolicyLoadRequest._validate_file_path": {"executed_lines": [], "summary": {"covered_lines": 0, "num_statements": 4, "percent_covered": 0.0, "percent_covered_display": "0", "missing_lines": 4, "excluded_lines": 0, "num_branches": 2, "num_partial_branches": 0, "covered_branches": 0, "missing_branches": 2}, "missing_lines": [399, 400, 401, 402], "excluded_lines": [], "executed_branches": [], "missing_branches": [[400, 401], [400, 402]]}, "": {"executed_lines": [1, 4, 5, 6, 7, 12, 13, 14, 16, 17, 18, 21, 22, 23, 24, 25, 28, 29, 30, 33, 34, 35, 36, 39, 40, 43, 45, 46, 47, 53, 54, 55, 56, 57, 58, 61, 62, 63, 64, 65, 66, 67, 68, 71, 72, 73, 74, 75, 76, 79, 80, 81, 82, 83, 84, 85, 86, 87, 92, 93, 94, 95, 96, 97, 98, 101, 102, 103, 104, 105, 110, 111, 112, 113, 114, 115, 116, 119, 120, 121, 122, 123, 124, 128, 131, 132, 133, 134, 135, 136, 137, 138, 139, 142, 143, 144, 145, 146, 150, 153, 154, 155, 156, 157, 160, 161, 162, 163, 164, 165, 166, 167, 168, 171, 172, 173, 174, 175, 178, 179, 180, 181, 184, 185, 186, 187, 188, 189, 192, 193, 194, 195, 198, 199, 200, 203, 204, 205, 206, 207, 210, 211, 212, 215, 216, 217, 222, 223, 224, 225, 226, 229, 230, 231, 233, 234, 235, 236, 237, 238, 239, 240, 241, 242, 243, 244, 245, 246, 247, 248, 249, 252, 253, 254, 255, 256, 259, 260, 261, 263, 264, 265, 266, 267, 268, 269, 270, 271, 272, 273, 274, 277, 278, 279, 280, 281, 284, 285, 286, 287, 288, 289, 290, 293, 294, 295, 296, 297, 298, 299, 302, 303, 304, 305, 308, 309, 310, 311, 317, 318, 319, 320, 323, 324, 325, 326, 327, 328, 329, 330, 331, 332, 333, 336, 337, 338, 339, 342, 343, 344, 347, 348, 349, 352, 353, 356, 357, 358, 361, 362, 363, 366, 367, 368, 369, 370, 371, 372, 373, 374, 377, 378, 379, 382, 383, 384, 385, 386, 388, 389, 390, 396, 397, 398, 405, 406, 407, 408, 414, 415, 418, 419, 420, 421, 422, 423, 426, 427, 428, 429, 432, 433, 434, 435, 436, 439, 440, 441, 444, 445, 446, 447, 450, 451, 452, 453, 454, 457, 458, 460, 461, 462, 463, 464, 465, 466, 467, 468, 469, 470, 471, 472, 475, 476, 477, 478, 481, 482, 483, 484, 487, 488, 489, 494, 495, 496, 497, 498, 499, 502, 503, 504, 505, 506, 509, 510, 511, 514, 515, 516, 519, 520, 521, 522, 525, 526, 527, 528, 531, 532, 533, 534, 535, 536, 537, 538, 541, 542, 543, 545, 546, 547, 548, 549, 550, 551, 554, 555, 556, 557, 558, 559, 560, 563, 564, 565, 566, 569, 570, 571, 572, 573, 578, 579, 580, 581, 582, 583, 584, 585, 586, 589, 590, 591, 592, 593, 594, 595, 596, 601, 602, 603, 604, 605, 606, 609, 610, 611, 612, 613, 614, 619, 620, 621, 622, 623, 624, 627, 628, 629, 630, 631], "summary": {"covered_lines": 395, "num_statements": 395, "percent_covered": 100.0, "percent_covered_display": "100", "missing_lines": 0, "excluded_lines": 0, "num_branches": 0, "num_partial_branches": 0, "covered_branches": 0, "missing_branches": 0}, "missing_lines": [], "excluded_lines": [], "executed_branches": [], "missing_branches": []}}, "classes": {"SensorDataPoint": {"executed_lines": [], "summary": {"covered_lines": 0, "num_statements": 3, "percent_covered": 0.0, "percent_covered_display": "0", "missing_lines": 3, "excluded_lines": 0, "num_branches": 2, "num_partial_branches": 0, "covered_branches": 0, "missing_branches": 2}, "missing_lines": [48, 49, 50], "excluded_lines": [], "executed_branches": [], "missing_branches": [[48, 49], [48, 50]]}, "SensorDataResponse": {"executed_lines": [], "summary": {"covered_lines": 0, "num_statements": 0, "percent_covered": 100.0, "percent_covered_display": "100", "missing_lines": 0, "excluded_lines": 0, "num_branches": 0, "num_partial_branches": 0, "covered_branches": 0, "missing_branches": 0}, "missing_lines": [], "excluded_lines": [], "executed_branches": [], "missing_branches": []}, "HistoricalDataQuery": {"executed_lines": [], "summary": {"covered_lines": 0, "num_statements": 0, "percent_covered": 100.0, "percent_covered_display": "100", "missing_lines": 0, "excluded_lines": 0, "num_branches": 0, "num_partial_branches": 0, "covered_branches": 0, "missing_branches": 0}, "missing_lines": [], "excluded_lines": [], "executed_branches": [], "missing_branches": []}, "AggregatedDataResponse": {"executed_lines": [], "summary": {"covered_lines": 0, "num_statements": 0, "percent_covered": 100.0, "percent_covered_display": "100", "missing_lines": 0, "excluded_lines": 0, "num_branches": 0, "num_partial_branches": 0, "covered_branches": 0, "missing_branches": 0}, "missing_lines": [], "excluded_lines": [], "executed_branches": [], "missing_branches": []}, "AnalyticsSummary": {"executed_lines": [], "summary": {"covered_lines": 0, "num_statements": 0, "percent_covered": 100.0, "percent_covered_display": "100", "missing_lines": 0, "excluded_lines": 0, "num_branches": 0, "num_partial_branches": 0, "covered_branches": 0, "missing_branches": 0}, "missing_lines": [], "excluded_lines": [], "executed_branches": [], "missing_branches": []}, "MessageType": {"executed_lines": [], "summary": {"covered_lines": 0, "num_statements": 0, "percent_covered": 100.0, "percent_covered_display": "100", "missing_lines": 0, "excluded_lines": 0, "num_branches": 0, "num_partial_branches": 0, "covered_branches": 0, "missing_branches": 0}, "missing_lines": [], "excluded_lines": [], "executed_branches": [], "missing_branches": []}, "WebSocketMessage": {"executed_lines": [], "summary": {"covered_lines": 0, "num_statements": 0, "percent_covered": 100.0, "percent_covered_display": "100", "missing_lines": 0, "excluded_lines": 0, "num_branches": 0, "num_partial_branches": 0, "covered_branches": 0, "missing_branches": 0}, "missing_lines": [], "excluded_lines": [], "executed_branches": [], "missing_branches": []}, "ModelType": {"executed_lines": [], "summary": {"covered_lines": 0, "num_statements": 0, "percent_covered": 100.0, "percent_covered_display": "100", "missing_lines": 0, "excluded_lines": 0, "num_branches": 0, "num_partial_branches": 0, "covered_branches": 0, "missing_branches": 0}, "missing_lines": [], "excluded_lines": [], "executed_branches": [], "missing_branches": []}, "PredictionRequest": {"executed_lines": [], "summary": {"covered_lines": 0, "num_statements": 0, "percent_covered": 100.0, "percent_covered_display": "100", "missing_lines": 0, "excluded_lines": 0, "num_branches": 0, "num_partial_branches": 0, "covered_branches": 0, "missing_branches": 0}, "missing_lines": [], "excluded_lines": [], "executed_branches": [], "missing_branches": []}, "RULPrediction": {"executed_lines": [], "summary": {"covered_lines": 0, "num_statements": 0, "percent_covered": 100.0, "percent_covered_display": "100", "missing_lines": 0, "excluded_lines": 0, "num_branches": 0, "num_partial_branches": 0, "covered_branches": 0, "missing_branches": 0}, "missing_lines": [], "excluded_lines": [], "executed_branches": [], "missing_branches": []}, "PredictionResponse": {"executed_lines": [], "summary": {"covered_lines": 0, "num_statements": 0, "percent_covered": 100.0, "percent_covered_display": "100", "missing_lines": 0, "excluded_lines": 0, "num_branches": 0, "num_partial_branches": 0, "covered_branches": 0, "missing_branches": 0}, "missing_lines": [], "excluded_lines": [], "executed_branches": [], "missing_branches": []}, "AnomalyDetectionRequest": {"executed_lines": [], "summary": {"covered_lines": 0, "num_statements": 0, "percent_covered": 100.0, "percent_covered_display": "100", "missing_lines": 0, "excluded_lines": 0, "num_branches": 0, "num_partial_branches": 0, "covered_branches": 0, "missing_branches": 0}, "missing_lines": [], "excluded_lines": [], "executed_branches": [], "missing_branches": []}, "AnomalyDetectionResult": {"executed_lines": [], "summary": {"covered_lines": 0, "num_statements": 0, "percent_covered": 100.0, "percent_covered_display": "100", "missing_lines": 0, "excluded_lines": 0, "num_branches": 0, "num_partial_branches": 0, "covered_branches": 0, "missing_branches": 0}, "missing_lines": [], "excluded_lines": [], "executed_branches": [], "missing_branches": []}, "AnomalyDetectionResponse": {"executed_lines": [], "summary": {"covered_lines": 0, "num_statements": 0, "percent_covered": 100.0, "percent_covered_display": "100", "missing_lines": 0, "excluded_lines": 0, "num_branches": 0, "num_partial_branches": 0, "covered_branches": 0, "missing_branches": 0}, "missing_lines": [], "excluded_lines": [], "executed_branches": [], "missing_branches": []}, "TrainingJobRequest": {"executed_lines": [], "summary": {"covered_lines": 0, "num_statements": 0, "percent_covered": 100.0, "percent_covered_display": "100", "missing_lines": 0, "excluded_lines": 0, "num_branches": 0, "num_partial_branches": 0, "covered_branches": 0, "missing_branches": 0}, "missing_lines": [], "excluded_lines": [], "executed_branches": [], "missing_branches": []}, "TrainingJobResponse": {"executed_lines": [], "summary": {"covered_lines": 0, "num_statements": 0, "percent_covered": 100.0, "percent_covered_display": "100", "missing_lines": 0, "excluded_lines": 0, "num_branches": 0, "num_partial_branches": 0, "covered_branches": 0, "missing_branches": 0}, "missing_lines": [], "excluded_lines": [], "executed_branches": [], "missing_branches": []}, "ModelPromotionRequest": {"executed_lines": [], "summary": {"covered_lines": 0, "num_statements": 0, "percent_covered": 100.0, "percent_covered_display": "100", "missing_lines": 0, "excluded_lines": 0, "num_branches": 0, "num_partial_branches": 0, "covered_branches": 0, "missing_branches": 0}, "missing_lines": [], "excluded_lines": [], "executed_branches": [], "missing_branches": []}, "OperationStatusResponse": {"executed_lines": [], "summary": {"covered_lines": 0, "num_statements": 0, "percent_covered": 100.0, "percent_covered_display": "100", "missing_lines": 0, "excluded_lines": 0, "num_branches": 0, "num_partial_branches": 0, "covered_branches": 0, "missing_branches": 0}, "missing_lines": [], "excluded_lines": [], "executed_branches": [], "missing_branches": []}, "ModelRegistryEntry": {"executed_lines": [], "summary": {"covered_lines": 0, "num_statements": 0, "percent_covered": 100.0, "percent_covered_display": "100", "missing_lines": 0, "excluded_lines": 0, "num_branches": 0, "num_partial_branches": 0, "covered_branches": 0, "missing_branches": 0}, "missing_lines": [], "excluded_lines": [], "executed_branches": [], "missing_branches": []}, "ModelRegistryResponse": {"executed_lines": [], "summary": {"covered_lines": 0, "num_statements": 0, "percent_covered": 100.0, "percent_covered_display": "100", "missing_lines": 0, "excluded_lines": 0, "num_branches": 0, "num_partial_branches": 0, "covered_branches": 0, "missing_branches": 0}, "missing_lines": [], "excluded_lines": [], "executed_branches": [], "missing_branches": []}, "ModelVersionListResponse": {"executed_lines": [], "summary": {"covered_lines": 0, "num_statements": 0, "percent_covered": 100.0, "percent_covered_display": "100", "missing_lines": 0, "excluded_lines": 0, "num_branches": 0, "num_partial_branches": 0, "covered_branches": 0, "missing_branches": 0}, "missing_lines": [], "excluded_lines": [], "executed_branches": [], "missing_branches": []}, "AlertSeverity": {"executed_lines": [], "summary": {"covered_lines": 0, "num_statements": 0, "percent_covered": 100.0, "percent_covered_display": "100", "missing_lines": 0, "excluded_lines": 0, "num_branches": 0, "num_partial_branches": 0, "covered_branches": 0, "missing_branches": 0}, "missing_lines": [], "excluded_lines": [], "executed_branches": [], "missing_branches": []}, "MaintenanceAlert": {"executed_lines": [], "summary": {"covered_lines": 0, "num_statements": 0, "percent_covered": 100.0, "percent_covered_display": "100", "missing_lines": 0, "excluded_lines": 0, "num_branches": 0, "num_partial_branches": 0, "covered_branches": 0, "missing_branches": 0}, "missing_lines": [], "excluded_lines": [], "executed_branches": [], "missing_branches": []}, "MaintenanceAlertResponse": {"executed_lines": [], "summary": {"covered_lines": 0, "num_statements": 0, "percent_covered": 100.0, "percent_covered_display": "100", "missing_lines": 0, "excluded_lines": 0, "num_branches": 0, "num_partial_branches": 0, "covered_branches": 0, "missing_branches": 0}, "missing_lines": [], "excluded_lines": [], "executed_branches": [], "missing_branches": []}, "MaintenanceSchedule": {"executed_lines": [], "summary": {"covered_lines": 0, "num_statements": 0, "percent_covered": 100.0, "percent_covered_display": "100", "missing_lines": 0, "excluded_lines": 0, "num_branches": 0, "num_partial_branches": 0, "covered_branches": 0, "missing_branches": 0}, "missing_lines": [], "excluded_lines": [], "executed_branches": [], "missing_branches": []}, "MaintenanceScheduleResponse": {"executed_lines": [], "summary": {"covered_lines": 0, "num_statements": 0, "percent_covered": 100.0, "percent_covered_display": "100", "missing_lines": 0, "excluded_lines": 0, "num_branches": 0, "num_partial_branches": 0, "covered_branches": 0, "missing_branches": 0}, "missing_lines": [], "excluded_lines": [], "executed_branches": [], "missing_branches": []}, "CreateMaintenanceAlertRequest": {"executed_lines": [], "summary": {"covered_lines": 0, "num_statements": 0, "percent_covered": 100.0, "percent_covered_display": "100", "missing_lines": 0, "excluded_lines": 0, "num_branches": 0, "num_partial_branches": 0, "covered_branches": 0, "missing_branches": 0}, "missing_lines": [], "excluded_lines": [], "executed_branches": [], "missing_branches": []}, "UpdateMaintenanceScheduleRequest": {"executed_lines": [], "summary": {"covered_lines": 0, "num_statements": 0, "percent_covered": 100.0, "percent_covered_display": "100", "missing_lines": 0, "excluded_lines": 0, "num_branches": 0, "num_partial_branches": 0, "covered_branches": 0, "missing_branches": 0}, "missing_lines": [], "excluded_lines": [], "executed_branches": [], "missing_branches": []}, "MaintenanceAlertAcknowledgeRequest": {"executed_lines": [], "summary": {"covered_lines": 0, "num_statements": 0, "percent_covered": 100.0, "percent_covered_display": "100", "missing_lines": 0, "excluded_lines": 0, "num_branches": 0, "num_partial_branches": 0, "covered_branches": 0, "missing_branches": 0}, "missing_lines": [], "excluded_lines": [], "executed_branches": [], "missing_branches": []}, "MaintenanceAlertResolveRequest": {"executed_lines": [], "summary": {"covered_lines": 0, "num_statements": 0, "percent_covered": 100.0, "percent_covered_display": "100", "missing_lines": 0, "excluded_lines": 0, "num_branches": 0, "num_partial_branches": 0, "covered_branches": 0, "missing_branches": 0}, "missing_lines": [], "excluded_lines": [], "executed_branches": [], "missing_branches": []}, "RLAction": {"executed_lines": [], "summary": {"covered_lines": 0, "num_statements": 0, "percent_covered": 100.0, "percent_covered_display": "100", "missing_lines": 0, "excluded_lines": 0, "num_branches": 0, "num_partial_branches": 0, "covered_branches": 0, "missing_branches": 0}, "missing_lines": [], "excluded_lines": [], "executed_branches": [], "missing_branches": []}, "RLEnvironmentState": {"executed_lines": [], "summary": {"covered_lines": 0, "num_statements": 0, "percent_covered": 100.0, "percent_covered_display": "100", "missing_lines": 0, "excluded_lines": 0, "num_branches": 0, "num_partial_branches": 0, "covered_branches": 0, "missing_branches": 0}, "missing_lines": [], "excluded_lines": [], "executed_branches": [], "missing_branches": []}, "RLStateResponse": {"executed_lines": [], "summary": {"covered_lines": 0, "num_statements": 0, "percent_covered": 100.0, "percent_covered_display": "100", "missing_lines": 0, "excluded_lines": 0, "num_branches": 0, "num_partial_branches": 0, "covered_branches": 0, "missing_branches": 0}, "missing_lines": [], "excluded_lines": [], "executed_branches": [], "missing_branches": []}, "RLConfigResponse": {"executed_lines": [], "summary": {"covered_lines": 0, "num_statements": 0, "percent_covered": 100.0, "percent_covered_display": "100", "missing_lines": 0, "excluded_lines": 0, "num_branches": 0, "num_partial_branches": 0, "covered_branches": 0, "missing_branches": 0}, "missing_lines": [], "excluded_lines": [], "executed_branches": [], "missing_branches": []}, "RLHistoryResponse": {"executed_lines": [], "summary": {"covered_lines": 0, "num_statements": 0, "percent_covered": 100.0, "percent_covered_display": "100", "missing_lines": 0, "excluded_lines": 0, "num_branches": 0, "num_partial_branches": 0, "covered_branches": 0, "missing_branches": 0}, "missing_lines": [], "excluded_lines": [], "executed_branches": [], "missing_branches": []}, "RLResetRequest": {"executed_lines": [], "summary": {"covered_lines": 0, "num_statements": 0, "percent_covered": 100.0, "percent_covered_display": "100", "missing_lines": 0, "excluded_lines": 0, "num_branches": 0, "num_partial_branches": 0, "covered_branches": 0, "missing_branches": 0}, "missing_lines": [], "excluded_lines": [], "executed_branches": [], "missing_branches": []}, "RLPolicyMode": {"executed_lines": [], "summary": {"covered_lines": 0, "num_statements": 0, "percent_covered": 100.0, "percent_covered_display": "100", "missing_lines": 0, "excluded_lines": 0, "num_branches": 0, "num_partial_branches": 0, "covered_branches": 0, "missing_branches": 0}, "missing_lines": [], "excluded_lines": [], "executed_branches": [], "missing_branches": []}, "RLPolicySource": {"executed_lines": [], "summary": {"covered_lines": 0, "num_statements": 0, "percent_covered": 100.0, "percent_covered_display": "100", "missing_lines": 0, "excluded_lines": 0, "num_branches": 0, "num_partial_branches": 0, "covered_branches": 0, "missing_branches": 0}, "missing_lines": [], "excluded_lines": [], "executed_branches": [], "missing_branches": []}, "RLPolicyStatus": {"executed_lines": [], "summary": {"covered_lines": 0, "num_statements": 0, "percent_covered": 100.0, "percent_covered_display": "100", "missing_lines": 0, "excluded_lines": 0, "num_branches": 0, "num_partial_branches": 0, "covered_branches": 0, "missing_branches": 0}, "missing_lines": [], "excluded_lines": [], "executed_branches": [], "missing_branches": []}, "RLPolicyModeRequest": {"executed_lines": [], "summary": {"covered_lines": 0, "num_statements": 0, "percent_covered": 100.0, "percent_covered_display": "100", "missing_lines": 0, "excluded_lines": 0, "num_branches": 0, "num_partial_branches": 0, "covered_branches": 0, "missing_branches": 0}, "missing_lines": [], "excluded_lines": [], "executed_branches": [], "missing_branches": []}, "RLPolicyLoadRequest": {"executed_lines": [], "summary": {"covered_lines": 0, "num_statements": 8, "percent_covered": 0.0, "percent_covered_display": "0", "missing_lines": 8, "excluded_lines": 0, "num_branches": 4, "num_partial_branches": 0, "covered_branches": 0, "missing_branches": 4}, "missing_lines": [391, 392, 393, 394, 399, 400, 401, 402], "excluded_lines": [], "executed_branches": [], "missing_branches": [[392, 393], [392, 394], [400, 401], [400, 402]]}, "RLPolicyStatusResponse": {"executed_lines": [], "summary": {"covered_lines": 0, "num_statements": 0, "percent_covered": 100.0, "percent_covered_display": "100", "missing_lines": 0, "excluded_lines": 0, "num_branches": 0, "num_partial_branches": 0, "covered_branches": 0, "missing_branches": 0}, "missing_lines": [], "excluded_lines": [], "executed_branches": [], "missing_branches": []}, "DVRProcessRequest": {"executed_lines": [], "summary": {"covered_lines": 0, "num_statements": 0, "percent_covered": 100.0, "percent_covered_display": "100", "missing_lines": 0, "excluded_lines": 0, "num_branches": 0, "num_partial_branches": 0, "covered_branches": 0, "missing_branches": 0}, "missing_lines": [], "excluded_lines": [], "executed_branches": [], "missing_branches": []}, "DVRProcessResponse": {"executed_lines": [], "summary": {"covered_lines": 0, "num_statements": 0, "percent_covered": 100.0, "percent_covered_display": "100", "missing_lines": 0, "excluded_lines": 0, "num_branches": 0, "num_partial_branches": 0, "covered_branches": 0, "missing_branches": 0}, "missing_lines": [], "excluded_lines": [], "executed_branches": [], "missing_branches": []}, "DVRStatsResponse": {"executed_lines": [], "summary": {"covered_lines": 0, "num_statements": 0, "percent_covered": 100.0, "percent_covered_display": "100", "missing_lines": 0, "excluded_lines": 0, "num_branches": 0, "num_partial_branches": 0, "covered_branches": 0, "missing_branches": 0}, "missing_lines": [], "excluded_lines": [], "executed_branches": [], "missing_branches": []}, "DVRAnomalyResponse": {"executed_lines": [], "summary": {"covered_lines": 0, "num_statements": 0, "percent_covered": 100.0, "percent_covered_display": "100", "missing_lines": 0, "excluded_lines": 0, "num_branches": 0, "num_partial_branches": 0, "covered_branches": 0, "missing_branches": 0}, "missing_lines": [], "excluded_lines": [], "executed_branches": [], "missing_branches": []}, "DVREvaluateRequest": {"executed_lines": [], "summary": {"covered_lines": 0, "num_statements": 0, "percent_covered": 100.0, "percent_covered_display": "100", "missing_lines": 0, "excluded_lines": 0, "num_branches": 0, "num_partial_branches": 0, "covered_branches": 0, "missing_branches": 0}, "missing_lines": [], "excluded_lines": [], "executed_branches": [], "missing_branches": []}, "DVREvaluateResponse": {"executed_lines": [], "summary": {"covered_lines": 0, "num_statements": 0, "percent_covered": 100.0, "percent_covered_display": "100", "missing_lines": 0, "excluded_lines": 0, "num_branches": 0, "num_partial_branches": 0, "covered_branches": 0, "missing_branches": 0}, "missing_lines": [], "excluded_lines": [], "executed_branches": [], "missing_branches": []}, "DVRRecordStatus": {"executed_lines": [], "summary": {"covered_lines": 0, "num_statements": 0, "percent_covered": 100.0, "percent_covered_display": "100", "missing_lines": 0, "excluded_lines": 0, "num_branches": 0, "num_partial_branches": 0, "covered_branches": 0, "missing_branches": 0}, "missing_lines": [], "excluded_lines": [], "executed_branches": [], "missing_branches": []}, "DVRHistoryEntry": {"executed_lines": [], "summary": {"covered_lines": 0, "num_statements": 0, "percent_covered": 100.0, "percent_covered_display": "100", "missing_lines": 0, "excluded_lines": 0, "num_branches": 0, "num_partial_branches": 0, "covered_branches": 0, "missing_branches": 0}, "missing_lines": [], "excluded_lines": [], "executed_branches": [], "missing_branches": []}, "DVRHistoryResponse": {"executed_lines": [], "summary": {"covered_lines": 0, "num_statements": 0, "percent_covered": 100.0, "percent_covered_display": "100", "missing_lines": 0, "excluded_lines": 0, "num_branches": 0, "num_partial_branches": 0, "covered_branches": 0, "missing_branches": 0}, "missing_lines": [], "excluded_lines": [], "executed_branches": [], "missing_branches": []}, "DVRHistoryEntryResponse": {"executed_lines": [], "summary": {"covered_lines": 0, "num_statements": 0, "percent_covered": 100.0, "percent_covered_display": "100", "missing_lines": 0, "excluded_lines": 0, "num_branches": 0, "num_partial_branches": 0, "covered_branches": 0, "missing_branches": 0}, "missing_lines": [], "excluded_lines": [], "executed_branches": [], "missing_branches": []}, "DVRHistoryUpdateRequest": {"executed_lines": [], "summary": {"covered_lines": 0, "num_statements": 0, "percent_covered": 100.0, "percent_covered_display": "100", "missing_lines": 0, "excluded_lines": 0, "num_branches": 0, "num_partial_branches": 0, "covered_branches": 0, "missing_branches": 0}, "missing_lines": [], "excluded_lines": [], "executed_branches": [], "missing_branches": []}, "Token": {"executed_lines": [], "summary": {"covered_lines": 0, "num_statements": 0, "percent_covered": 100.0, "percent_covered_display": "100", "missing_lines": 0, "excluded_lines": 0, "num_branches": 0, "num_partial_branches": 0, "covered_branches": 0, "missing_branches": 0}, "missing_lines": [], "excluded_lines": [], "executed_branches": [], "missing_branches": []}, "TokenData": {"executed_lines": [], "summary": {"covered_lines": 0, "num_statements": 0, "percent_covered": 100.0, "percent_covered_display": "100", "missing_lines": 0, "excluded_lines": 0, "num_branches": 0, "num_partial_branches": 0, "covered_branches": 0, "missing_branches": 0}, "missing_lines": [], "excluded_lines": [], "executed_branches": [], "missing_branches": []}, "TokenRefreshRequest": {"executed_lines": [], "summary": {"covered_lines": 0, "num_statements": 0, "percent_covered": 100.0, "percent_covered_display": "100", "missing_lines": 0, "excluded_lines": 0, "num_branches": 0, "num_partial_branches": 0, "covered_branches": 0, "missing_branches": 0}, "missing_lines": [], "excluded_lines": [], "executed_branches": [], "missing_branches": []}, "PasswordResetRequest": {"executed_lines": [], "summary": {"covered_lines": 0, "num_statements": 0, "percent_covered": 100.0, "percent_covered_display": "100", "missing_lines": 0, "excluded_lines": 0, "num_branches": 0, "num_partial_branches": 0, "covered_branches": 0, "missing_branches": 0}, "missing_lines": [], "excluded_lines": [], "executed_branches": [], "missing_branches": []}, "PasswordResetConfirm": {"executed_lines": [], "summary": {"covered_lines": 0, "num_statements": 0, "percent_covered": 100.0, "percent_covered_display": "100", "missing_lines": 0, "excluded_lines": 0, "num_branches": 0, "num_partial_branches": 0, "covered_branches": 0, "missing_branches": 0}, "missing_lines": [], "excluded_lines": [], "executed_branches": [], "missing_branches": []}, "PasswordChangeRequest": {"executed_lines": [], "summary": {"covered_lines": 0, "num_statements": 0, "percent_covered": 100.0, "percent_covered_display": "100", "missing_lines": 0, "excluded_lines": 0, "num_branches": 0, "num_partial_branches": 0, "covered_branches": 0, "missing_branches": 0}, "missing_lines": [], "excluded_lines": [], "executed_branches": [], "missing_branches": []}, "UserRole": {"executed_lines": [], "summary": {"covered_lines": 0, "num_statements": 0, "percent_covered": 100.0, "percent_covered_display": "100", "missing_lines": 0, "excluded_lines": 0, "num_branches": 0, "num_partial_branches": 0, "covered_branches": 0, "missing_branches": 0}, "missing_lines": [], "excluded_lines": [], "executed_branches": [], "missing_branches": []}, "User": {"executed_lines": [], "summary": {"covered_lines": 0, "num_statements": 0, "percent_covered": 100.0, "percent_covered_display": "100", "missing_lines": 0, "excluded_lines": 0, "num_branches": 0, "num_partial_branches": 0, "covered_branches": 0, "missing_branches": 0}, "missing_lines": [], "excluded_lines": [], "executed_branches": [], "missing_branches": []}, "UserCreate": {"executed_lines": [], "summary": {"covered_lines": 0, "num_statements": 0, "percent_covered": 100.0, "percent_covered_display": "100", "missing_lines": 0, "excluded_lines": 0, "num_branches": 0, "num_partial_branches": 0, "covered_branches": 0, "missing_branches": 0}, "missing_lines": [], "excluded_lines": [], "executed_branches": [], "missing_branches": []}, "UserLogin": {"executed_lines": [], "summary": {"covered_lines": 0, "num_statements": 0, "percent_covered": 100.0, "percent_covered_display": "100", "missing_lines": 0, "excluded_lines": 0, "num_branches": 0, "num_partial_branches": 0, "covered_branches": 0, "missing_branches": 0}, "missing_lines": [], "excluded_lines": [], "executed_branches": [], "missing_branches": []}, "UserResponse": {"executed_lines": [], "summary": {"covered_lines": 0, "num_statements": 0, "percent_covered": 100.0, "percent_covered_display": "100", "missing_lines": 0, "excluded_lines": 0, "num_branches": 0, "num_partial_branches": 0, "covered_branches": 0, "missing_branches": 0}, "missing_lines": [], "excluded_lines": [], "executed_branches": [], "missing_branches": []}, "WellProfileConfig": {"executed_lines": [], "summary": {"covered_lines": 0, "num_statements": 0, "percent_covered": 100.0, "percent_covered_display": "100", "missing_lines": 0, "excluded_lines": 0, "num_branches": 0, "num_partial_branches": 0, "covered_branches": 0, "missing_branches": 0}, "missing_lines": [], "excluded_lines": [], "executed_branches": [], "missing_branches": []}, "DrillingParametersConfig": {"executed_lines": [], "summary": {"covered_lines": 0, "num_statements": 0, "percent_covered": 100.0, "percent_covered_display": "100", "missing_lines": 0, "excluded_lines": 0, "num_branches": 0, "num_partial_branches": 0, "covered_branches": 0, "missing_branches": 0}, "missing_lines": [], "excluded_lines": [], "executed_branches": [], "missing_branches": []}, "HealthCheckResponse": {"executed_lines": [], "summary": {"covered_lines": 0, "num_statements": 0, "percent_covered": 100.0, "percent_covered_display": "100", "missing_lines": 0, "excluded_lines": 0, "num_branches": 0, "num_partial_branches": 0, "covered_branches": 0, "missing_branches": 0}, "missing_lines": [], "excluded_lines": [], "executed_branches": [], "missing_branches": []}, "ServiceStatus": {"executed_lines": [], "summary": {"covered_lines": 0, "num_statements": 0, "percent_covered": 100.0, "percent_covered_display": "100", "missing_lines": 0, "excluded_lines": 0, "num_branches": 0, "num_partial_branches": 0, "covered_branches": 0, "missing_branches": 0}, "missing_lines": [], "excluded_lines": [], "executed_branches": [], "missing_branches": []}, "ErrorResponse": {"executed_lines": [], "summary": {"covered_lines": 0, "num_statements": 0, "percent_covered": 100.0, "percent_covered_display": "100", "missing_lines": 0, "excluded_lines": 0, "num_branches": 0, "num_partial_branches": 0, "covered_branches": 0, "missing_branches": 0}, "missing_lines": [], "excluded_lines": [], "executed_branches": [], "missing_branches": []}, "ValidationErrorDetail": {"executed_lines": [], "summary": {"covered_lines": 0, "num_statements": 0, "percent_covered": 100.0, "percent_covered_display": "100", "missing_lines": 0, "excluded_lines": 0, "num_branches": 0, "num_partial_branches": 0, "covered_branches": 0, "missing_branches": 0}, "missing_lines": [], "excluded_lines": [], "executed_branches": [], "missing_branches": []}, "": {"executed_lines": [1, 4, 5, 6, 7, 12, 13, 14, 16, 17, 18, 21, 22, 23, 24, 25, 28, 29, 30, 33, 34, 35, 36, 39, 40, 43, 45, 46, 47, 53, 54, 55, 56, 57, 58, 61, 62, 63, 64, 65, 66, 67, 68, 71, 72, 73, 74, 75, 76, 79, 80, 81, 82, 83, 84, 85, 86, 87, 92, 93, 94, 95, 96, 97, 98, 101, 102, 103, 104, 105, 110, 111, 112, 113, 114, 115, 116, 119, 120, 121, 122, 123, 124, 128, 131, 132, 133, 134, 135, 136, 137, 138, 139, 142, 143, 144, 145, 146, 150, 153, 154, 155, 156, 157, 160, 161, 162, 163, 164, 165, 166, 167, 168, 171, 172, 173, 174, 175, 178, 179, 180, 181, 184, 185, 186, 187, 188, 189, 192, 193, 194, 195, 198, 199, 200, 203, 204, 205, 206, 207, 210, 211, 212, 215, 216, 217, 222, 223, 224, 225, 226, 229, 230, 231, 233, 234, 235, 236, 237, 238, 239, 240, 241, 242, 243, 244, 245, 246, 247, 248, 249, 252, 253, 254, 255, 256, 259, 260, 261, 263, 264, 265, 266, 267, 268, 269, 270, 271, 272, 273, 274, 277, 278, 279, 280, 281, 284, 285, 286, 287, 288, 289, 290, 293, 294, 295, 296, 297, 298, 299, 302, 303, 304, 305, 308, 309, 310, 311, 317, 318, 319, 320, 323, 324, 325, 326, 327, 328, 329, 330, 331, 332, 333, 336, 337, 338, 339, 342, 343, 344, 347, 348, 349, 352, 353, 356, 357, 358, 361, 362, 363, 366, 367, 368, 369, 370, 371, 372, 373, 374, 377, 378, 379, 382, 383, 384, 385, 386, 388, 389, 390, 396, 397, 398, 405, 406, 407, 408, 414, 415, 418, 419, 420, 421, 422, 423, 426, 427, 428, 429, 432, 433, 434, 435, 436, 439, 440, 441, 444, 445, 446, 447, 450, 451, 452, 453, 454, 457, 458, 460, 461, 462, 463, 464, 465, 466, 467, 468, 469, 470, 471, 472, 475, 476, 477, 478, 481, 482, 483, 484, 487, 488, 489, 494, 495, 496, 497, 498, 499, 502, 503, 504, 505, 506, 509, 510, 511, 514, 515, 516, 519, 520, 521, 522, 525, 526, 527, 528, 531, 532, 533, 534, 535, 536, 537, 538, 541, 542, 543, 545, 546, 547, 548, 549, 550, 551, 554, 555, 556, 557, 558, 559, 560, 563, 564, 565, 566, 569, 570, 571, 572, 573, 578, 579, 580, 581, 582, 583, 584, 585, 586, 589, 590, 591, 592, 593, 594, 595, 596, 601, 602, 603, 604, 605, 606, 609, 610, 611, 612, 613, 614, 619, 620, 621, 622, 623, 624, 627, 628, 629, 630, 631], "summary": {"covered_lines": 395, "num_statements": 395, "percent_covered": 100.0, "percent_covered_display": "100", "missing_lines": 0, "excluded_lines": 0, "num_branches": 0, "num_partial_branches": 0, "covered_branches": 0, "missing_branches": 0}, "missing_lines": [], "excluded_lines": [], "executed_branches": [], "missing_branches": []}}}, "api\\routes\\__init__.py": {"executed_lines": [1, 5, 17], "summary": {"covered_lines": 2, "num_statements": 2, "percent_covered": 100.0, "percent_covered_display": "100", "missing_lines": 0, "excluded_lines": 0, "num_branches": 0, "num_partial_branches": 0, "covered_branches": 0, "missing_branches": 0}, "missing_lines": [], "excluded_lines": [], "executed_branches": [], "missing_branches": [], "functions": {"": {"executed_lines": [1, 5, 17], "summary": {"covered_lines": 2, "num_statements": 2, "percent_covered": 100.0, "percent_covered_display": "100", "missing_lines": 0, "excluded_lines": 0, "num_branches": 0, "num_partial_branches": 0, "covered_branches": 0, "missing_branches": 0}, "missing_lines": [], "excluded_lines": [], "executed_branches": [], "missing_branches": []}}, "classes": {"": {"executed_lines": [1, 5, 17], "summary": {"covered_lines": 2, "num_statements": 2, "percent_covered": 100.0, "percent_covered_display": "100", "missing_lines": 0, "excluded_lines": 0, "num_branches": 0, "num_partial_branches": 0, "covered_branches": 0, "missing_branches": 0}, "missing_lines": [], "excluded_lines": [], "executed_branches": [], "missing_branches": []}}}, "api\\routes\\auth.py": {"executed_lines": [1, 5, 6, 7, 8, 10, 22, 23, 24, 25, 29, 30, 32, 34, 42, 43, 123, 124, 182, 183, 241, 242, 262, 263, 290, 291, 362, 363, 419, 420, 475, 476, 538, 539, 577, 578, 617, 618, 668, 669, 720, 721], "summary": {"covered_lines": 41, "num_statements": 243, "percent_covered": 14.186851211072664, "percent_covered_display": "14", "missing_lines": 202, "excluded_lines": 0, "num_branches": 46, "num_partial_branches": 0, "covered_branches": 0, "missing_branches": 46}, "missing_lines": [55, 58, 66, 67, 73, 84, 85, 91, 92, 96, 97, 99, 103, 105, 107, 113, 114, 115, 116, 117, 134, 136, 142, 143, 150, 151, 161, 163, 165, 172, 173, 174, 175, 176, 193, 195, 201, 202, 209, 210, 220, 222, 224, 231, 232, 233, 234, 235, 251, 272, 273, 275, 277, 282, 283, 284, 299, 300, 301, 304, 305, 306, 307, 309, 310, 314, 315, 321, 322, 323, 329, 330, 340, 343, 345, 352, 353, 354, 355, 356, 372, 373, 376, 378, 379, 382, 388, 390, 394, 395, 397, 402, 405, 410, 411, 413, 428, 430, 432, 433, 439, 440, 441, 447, 449, 450, 456, 458, 460, 465, 466, 467, 468, 469, 487, 489, 493, 499, 500, 501, 507, 512, 513, 519, 521, 523, 528, 529, 530, 531, 532, 550, 551, 553, 554, 556, 569, 570, 571, 588, 589, 591, 592, 597, 607, 608, 609, 610, 611, 629, 630, 632, 633, 635, 636, 642, 643, 648, 649, 651, 653, 658,
[...]
": 0, "covered_branches": 0, "missing_branches": 0}, "missing_lines": [145, 146, 149, 151, 152, 155, 156], "excluded_lines": [], "executed_branches": [], "missing_branches": []}, "TestWebSocketManager.test_broadcast": {"executed_lines": [], "summary": {"covered_lines": 0, "num_statements": 12, "percent_covered": 0.0, "percent_covered_display": "0", "missing_lines": 12, "excluded_lines": 0, "num_branches": 0, "num_partial_branches": 0, "covered_branches": 0, "missing_branches": 0}, "missing_lines": [161, 163, 164, 165, 166, 167, 168, 170, 171, 172, 175, 176], "excluded_lines": [], "executed_branches": [], "missing_branches": []}, "TestWebSocketManager.test_get_connection_count": {"executed_lines": [], "summary": {"covered_lines": 0, "num_statements": 4, "percent_covered": 0.0, "percent_covered_display": "0", "missing_lines": 4, "excluded_lines": 0, "num_branches": 0, "num_partial_branches": 0, "covered_branches": 0, "missing_branches": 0}, "missing_lines": [180, 182, 183, 185], "excluded_lines": [], "executed_branches": [], "missing_branches": []}, "TestWebSocketManager.test_get_rig_connections": {"executed_lines": [], "summary": {"covered_lines": 0, "num_statements": 6, "percent_covered": 0.0, "percent_covered_display": "0", "missing_lines": 6, "excluded_lines": 0, "num_branches": 0, "num_partial_branches": 0, "covered_branches": 0, "missing_branches": 0}, "missing_lines": [189, 190, 191, 193, 194, 195], "excluded_lines": [], "executed_branches": [], "missing_branches": []}, "TestWebSocketManager.test_get_rig_connections_nonexistent": {"executed_lines": [], "summary": {"covered_lines": 0, "num_statements": 2, "percent_covered": 0.0, "percent_covered_display": "0", "missing_lines": 2, "excluded_lines": 0, "num_branches": 0, "num_partial_branches": 0, "covered_branches": 0, "missing_branches": 0}, "missing_lines": [199, 200], "excluded_lines": [], "executed_branches": [], "missing_branches": []}, "": {"executed_lines": [], "summary": {"covered_lines": 0, "num_statements": 31, "percent_covered": 0.0, "percent_covered_display": "0", "missing_lines": 31, "excluded_lines": 0, "num_branches": 0, "num_partial_branches": 0, "covered_branches": 0, "missing_branches": 0}, "missing_lines": [4, 5, 6, 7, 10, 13, 14, 18, 19, 27, 28, 42, 43, 58, 59, 71, 83, 90, 101, 102, 113, 114, 134, 135, 142, 143, 158, 159, 178, 187, 197], "excluded_lines": [], "executed_branches": [], "missing_branches": []}}, "classes": {"TestWebSocketManager": {"executed_lines": [], "summary": {"covered_lines": 0, "num_statements": 93, "percent_covered": 0.0, "percent_covered_display": "0", "missing_lines": 93, "excluded_lines": 0, "num_branches": 0, "num_partial_branches": 0, "covered_branches": 0, "missing_branches": 0}, "missing_lines": [16, 21, 22, 23, 24, 25, 30, 32, 35, 38, 39, 40, 45, 46, 47, 48, 50, 51, 53, 54, 55, 56, 61, 62, 63, 64, 66, 67, 69, 73, 74, 75, 77, 80, 81, 86, 88, 92, 93, 94, 96, 99, 104, 105, 107, 108, 111, 116, 117, 119, 120, 121, 122, 123, 124, 126, 127, 128, 131, 132, 137, 140, 145, 146, 149, 151, 152, 155, 156, 161, 163, 164, 165, 166, 167, 168, 170, 171, 172, 175, 176, 180, 182, 183, 185, 189, 190, 191, 193, 194, 195, 199, 200], "excluded_lines": [], "executed_branches": [], "missing_branches": []}, "": {"executed_lines": [], "summary": {"covered_lines": 0, "num_statements": 31, "percent_covered": 0.0, "percent_covered_display": "0", "missing_lines": 31, "excluded_lines": 0, "num_branches": 0, "num_partial_branches": 0, "covered_branches": 0, "missing_branches": 0}, "missing_lines": [4, 5, 6, 7, 10, 13, 14, 18, 19, 27, 28, 42, 43, 58, 59, 71, 83, 90, 101, 102, 113, 114, 134, 135, 142, 143, 158, 159, 178, 187, 197], "excluded_lines": [], "executed_branches": [], "missing_branches": []}}}, "utils\\security.py": {"executed_lines": [1, 4, 5, 6, 7, 8, 9, 11, 14, 27, 37, 39, 54, 61, 76, 77, 78, 79, 85, 90, 93, 107, 117, 118, 119, 120, 124, 128, 130, 133, 140, 141, 144, 151, 158, 169, 173, 176, 179, 189, 191, 192, 194, 195, 197, 198, 200, 201, 203, 204, 206, 207, 210, 214, 215, 217, 220, 274], "summary": {"covered_lines": 57, "num_statements": 94, "percent_covered": 59.15492957746479, "percent_covered_display": "59", "missing_lines": 37, "excluded_lines": 0, "num_branches": 48, "num_partial_branches": 7, "covered_branches": 27, "missing_branches": 21}, "missing_lines": [24, 40, 41, 47, 48, 55, 80, 104, 121, 125, 126, 170, 174, 232, 233, 234, 237, 239, 242, 243, 244, 245, 247, 261, 271, 285, 315, 316, 317, 319, 320, 321, 323, 324, 325, 327, 329], "excluded_lines": [], "executed_branches": [[39, 54], [54, 61], [77, 78], [77, 90], [78, 77], [78, 79], [79, 85], [118, 119], [118, 130], [120, 124], [124, 128], [169, 173], [173, 176], [191, 192], [191, 194], [194, 195], [194, 197], [197, 198], [197, 200], [200, 201], [200, 203], [203, 204], [203, 206], [206, 207], [206, 210], [214, 215], [214, 217]], "missing_branches": [[39, 40], [40, 41], [40, 47], [54, 55], [79, 80], [120, 121], [124, 125], [169, 170], [173, 174], [233, 234], [233, 237], [237, 239], [237, 261], [242, 243], [242, 247], [315, 316], [315, 329], [320, 321], [320, 323], [324, 325], [324, 327]], "functions": {"generate_secret_key": {"executed_lines": [], "summary": {"covered_lines": 0, "num_statements": 1, "percent_covered": 0.0, "percent_covered_display": "0", "missing_lines": 1, "excluded_lines": 0, "num_branches": 0, "num_partial_branches": 0, "covered_branches": 0, "missing_branches": 0}, "missing_lines": [24], "excluded_lines": [], "executed_branches": [], "missing_branches": []}, "get_or_generate_secret_key": {"executed_lines": [37, 39, 54, 61, 76, 77, 78, 79, 85, 90], "summary": {"covered_lines": 10, "num_statements": 16, "percent_covered": 60.714285714285715, "percent_covered_display": "61", "missing_lines": 6, "excluded_lines": 0, "num_branches": 12, "num_partial_branches": 3, "covered_branches": 7, "missing_branches": 5}, "missing_lines": [40, 41, 47, 48, 55, 80], "excluded_lines": [], "executed_branches": [[39, 54], [54, 61], [77, 78], [77, 90], [78, 77], [78, 79], [79, 85]], "missing_branches": [[39, 40], [40, 41], [40, 47], [54, 55], [79, 80]]}, "hash_password": {"executed_lines": [], "summary": {"covered_lines": 0, "num_statements": 1, "percent_covered": 0.0, "percent_covered_display": "0", "missing_lines": 1, "excluded_lines": 0, "num_branches": 0, "num_partial_branches": 0, "covered_branches": 0, "missing_branches": 0}, "missing_lines": [104], "excluded_lines": [], "executed_branches": [], "missing_branches": []}, "validate_cors_origins": {"executed_lines": [117, 118, 119, 120, 124, 128, 130], "summary": {"covered_lines": 7, "num_statements": 10, "percent_covered": 68.75, "percent_covered_display": "69", "missing_lines": 3, "excluded_lines": 0, "num_branches": 6, "num_partial_branches": 2, "covered_branches": 4, "missing_branches": 2}, "missing_lines": [121, 125, 126], "excluded_lines": [], "executed_branches": [[118, 119], [118, 130], [120, 124], [124, 128]], "missing_branches": [[120, 121], [124, 125]]}, "get_rate_limit_config": {"executed_lines": [140, 141, 144, 151], "summary": {"covered_lines": 4, "num_statements": 4, "percent_covered": 100.0, "percent_covered_display": "100", "missing_lines": 0, "excluded_lines": 0, "num_branches": 0, "num_partial_branches": 0, "covered_branches": 0, "missing_branches": 0}, "missing_lines": [], "excluded_lines": [], "executed_branches": [], "missing_branches": []}, "mask_sensitive_data": {"executed_lines": [169, 173, 176], "summary": {"covered_lines": 3, "num_statements": 5, "percent_covered": 55.55555555555556, "percent_covered_display": "56", "missing_lines": 2, "excluded_lines": 0, "num_branches": 4, "num_partial_branches": 2, "covered_branches": 2, "missing_branches": 2}, "missing_lines": [170, 174], "excluded_lines": [], "executed_branches": [[169, 173], [173, 176]], "missing_branches": [[169, 170], [173, 174]]}, "validate_password_strength": {"executed_lines": [189, 191, 192, 194, 195, 197, 198, 200, 201, 203, 204, 206, 207, 210, 214, 215, 217], "summary": {"covered_lines": 17, "num_statements": 17, "percent_covered": 100.0, "percent_covered_display": "100", "missing_lines": 0, "excluded_lines": 0, "num_branches": 14, "num_partial_branches": 0, "covered_branches": 14, "missing_branches": 0}, "missing_lines": [], "excluded_lines": [], "executed_branches": [[191, 192], [191, 194], [194, 195], [194, 197], [197, 198], [197, 200], [200, 201], [200, 203], [203, 204], [203, 206], [206, 207], [206, 210], [214, 215], [214, 217]], "missing_branches": []}, "get_csp_policy": {"executed_lines": [], "summary": {"covered_lines": 0, "num_statements": 12, "percent_covered": 0.0, "percent_covered_display": "0", "missing_lines": 12, "excluded_lines": 0, "num_branches": 6, "num_partial_branches": 0, "covered_branches": 0, "missing_branches": 6}, "missing_lines": [232, 233, 234, 237, 239, 242, 243, 244, 245, 247, 261, 271], "excluded_lines": [], "executed_branches": [], "missing_branches": [[233, 234], [233, 237], [237, 239], [237, 261], [242, 243], [242, 247]]}, "get_security_headers": {"executed_lines": [], "summary": {"covered_lines": 0, "num_statements": 12, "percent_covered": 0.0, "percent_covered_display": "0", "missing_lines": 12, "excluded_lines": 0, "num_branches": 6, "num_partial_branches": 0, "covered_branches": 0, "missing_branches": 6}, "missing_lines": [285, 315, 316, 317, 319, 320, 321, 323, 324, 325, 327, 329], "excluded_lines": [], "executed_branches": [], "missing_branches": [[315, 316], [315, 329], [320, 321], [320, 323], [324, 325], [324, 327]]}, "": {"executed_lines": [1, 4, 5, 6, 7, 8, 9, 11, 14, 27, 93, 107, 133, 158, 179, 220, 274], "summary": {"covered_lines": 16, "num_statements": 16, "percent_covered": 100.0, "percent_covered_display": "100", "missing_lines": 0, "excluded_lines": 0, "num_branches": 0, "num_partial_branches": 0, "covered_branches": 0, "missing_branches": 0}, "missing_lines": [], "excluded_lines": [], "executed_branches": [], "missing_branches": []}}, "classes": {"": {"executed_lines": [1, 4, 5, 6, 7, 8, 9, 11, 14, 27, 37, 39, 54, 61, 76, 77, 78, 79, 85, 90, 93, 107, 117, 118, 119, 120, 124, 128, 130, 133, 140, 141, 144, 151, 158, 169, 173, 176, 179, 189, 191, 192, 194, 195, 197, 198, 200, 201, 203, 204, 206, 207, 210, 214, 215, 217, 220, 274], "summary": {"covered_lines": 57, "num_statements": 94, "percent_covered": 59.15492957746479, "percent_covered_display": "59", "missing_lines": 37, "excluded_lines": 0, "num_branches": 48, "num_partial_branches": 7, "covered_branches": 27, "missing_branches": 21}, "missing_lines": [24, 40, 41, 47, 48, 55, 80, 104, 121, 125, 126, 170, 174, 232, 233, 234, 237, 239, 242, 243, 244, 245, 247, 261, 271, 285, 315, 316, 317, 319, 320, 321, 323, 324, 325, 327, 329], "excluded_lines": [], "executed_branches": [[39, 54], [54, 61], [77, 78], [77, 90], [78, 77], [78, 79], [79, 85], [118, 119], [118, 130], [120, 124], [124, 128], [169, 173], [173, 176], [191, 192], [191, 194], [194, 195], [194, 197], [197, 198], [197, 200], [200, 201], [200, 203], [203, 204], [203, 206], [206, 207], [206, 210], [214, 215], [214, 217]], "missing_branches": [[39, 40], [40, 41], [40, 47], [54, 55], [79, 80], [120, 121], [124, 125], [169, 170], [173, 174], [233, 234], [233, 237], [237, 239], [237, 261], [242, 243], [242, 247], [315, 316], [315, 329], [320, 321], [320, 323], [324, 325], [324, 327]]}}}, "utils\\validators.py": {"executed_lines": [1, 29, 30, 31, 32, 34, 37, 55, 81, 107, 138, 184, 208, 236, 253, 271], "summary": {"covered_lines": 15, "num_statements": 99, "percent_covered": 9.554140127388536, "percent_covered_display": "10", "missing_lines": 84, "excluded_lines": 0, "num_branches": 58, "num_partial_branches": 0, "covered_branches": 0, "missing_branches": 58}, "missing_lines": [47, 48, 51, 52, 65, 66, 68, 69, 71, 72, 73, 74, 75, 76, 78, 93, 94, 96, 97, 99, 100, 102, 103, 104, 118, 119, 121, 122, 123, 124, 125, 128, 131, 132, 133, 135, 148, 149, 152, 153, 154, 155, 158, 159, 162, 163, 166, 176, 177, 178, 179, 181, 196, 197, 199, 200, 202, 203, 205, 219, 220, 222, 223, 225, 226, 229, 230, 231, 233, 246, 247, 249, 250, 263, 264, 267, 268, 283, 285, 296, 297, 298, 299, 301], "excluded_lines": [], "executed_branches": [], "missing_branches": [[47, 48], [47, 51], [65, 66], [65, 68], [68, 69], [68, 71], [71, 72], [71, 78], [96, 97], [96, 99], [99, 100], [99, 102], [118, 119], [118, 121], [121, 122], [121, 128], [131, 132], [131, 135], [148, 149], [148, 152], [153, 154], [153, 158], [154, 153], [154, 155], [158, 159], [158, 162], [162, 163], [162, 166], [176, 177], [176, 181], [177, 176], [177, 178], [178, 176], [178, 179], [196, 197], [196, 199], [199, 200], [199, 202], [202, 203], [202, 205], [219, 220], [219, 222], [222, 223], [222, 225], [225, 226], [225, 229], [230, 231], [230, 233], [246, 247], [246, 249], [263, 264], [263, 267], [283, 285], [283, 301], [296, 297], [296, 301], [297, 296], [297, 298]], "functions": {"validate_rig_id": {"executed_lines": [], "summary": {"covered_lines": 0, "num_statements": 4, "percent_covered": 0.0, "percent_covered_display": "0", "missing_lines": 4, "excluded_lines": 0, "num_branches": 2, "num_partial_branches": 0, "covered_branches": 0, "missing_branches": 2}, "missing_lines": [47, 48, 51, 52], "excluded_lines": [], "executed_branches": [], "missing_branches": [[47, 48], [47, 51]]}, "validate_timestamp": {"executed_lines": [], "summary": {"covered_lines": 0, "num_statements": 11, "percent_covered": 0.0, "percent_covered_display": "0", "missing_lines": 11, "excluded_lines": 0, "num_branches": 6, "num_partial_branches": 0, "covered_branches": 0, "missing_branches": 6}, "missing_lines": [65, 66, 68, 69, 71, 72, 73, 74, 75, 76, 78], "excluded_lines": [], "executed_branches": [], "missing_branches": [[65, 66], [65, 68], [68, 69], [68, 71], [71, 72], [71, 78]]}, "validate_numeric_range": {"executed_lines": [], "summary": {"covered_lines": 0, "num_statements": 9, "percent_covered": 0.0, "percent_covered_display": "0", "missing_lines": 9, "excluded_lines": 0, "num_branches": 4, "num_partial_branches": 0, "covered_branches": 0, "missing_branches": 4}, "missing_lines": [93, 94, 96, 97, 99, 100, 102, 103, 104], "excluded_lines": [], "executed_branches": [], "missing_branches": [[96, 97], [96, 99], [99, 100], [99, 102]]}, "sanitize_string": {"executed_lines": [], "summary": {"covered_lines": 0, "num_statements": 12, "percent_covered": 0.0, "percent_covered_display": "0", "missing_lines": 12, "excluded_lines": 0, "num_branches": 6, "num_partial_branches": 0, "covered_branches": 0, "missing_branches": 6}, "missing_lines": [118, 119, 121, 122, 123, 124, 125, 128, 131, 132, 133, 135], "excluded_lines": [], "executed_branches": [], "missing_branches": [[118, 119], [118, 121], [121, 122], [121, 128], [131, 132], [131, 135]]}, "validate_sensor_data": {"executed_lines": [], "summary": {"covered_lines": 0, "num_statements": 16, "percent_covered": 0.0, "percent_covered_display": "0", "missing_lines": 16, "excluded_lines": 0, "num_branches": 16, "num_partial_branches": 0, "covered_branches": 0, "missing_branches": 16}, "missing_lines": [148, 149, 152, 153, 154, 155, 158, 159, 162, 163, 166, 176, 177, 178, 179, 181], "excluded_lines": [], "executed_branches": [], "missing_branches": [[148, 149], [148, 152], [153, 154], [153, 158], [154, 153], [154, 155], [158, 159], [158, 162], [162, 163], [162, 166], [176, 177], [176, 181], [177, 176], [177, 178], [178, 176], [178, 179]]}, "validate_pagination_params": {"executed_lines": [], "summary": {"covered_lines": 0, "num_statements": 7, "percent_covered": 0.0, "percent_covered_display": "0", "missing_lines": 7, "excluded_lines": 0, "num_branches": 6, "num_partial_branches": 0, "covered_branches": 0, "missing_branches": 6}, "missing_lines": [196, 197, 199, 200, 202, 203, 205], "excluded_lines": [], "executed_branches": [], "missing_branches": [[196, 197], [196, 199], [199, 200], [199, 202], [202, 203], [202, 205]]}, "validate_time_range": {"executed_lines": [], "summary": {"covered_lines": 0, "num_statements": 10, "percent_covered": 0.0, "percent_covered_display": "0", "missing_lines": 10, "excluded_lines": 0, "num_branches": 8, "num_partial_branches": 0, "covered_branches": 0, "missing_branches": 8}, "missing_lines": [219, 220, 222, 223, 225, 226, 229, 230, 231, 233], "excluded_lines": [], "executed_branches": [], "missing_branches": [[219, 220], [219, 222], [222, 223], [222, 225], [225, 226], [225, 229], [230, 231], [230, 233]]}, "validate_email": {"executed_lines": [], "summary": {"covered_lines": 0, "num_statements": 4, "percent_covered": 0.0, "percent_covered_display": "0", "missing_lines": 4, "excluded_lines": 0, "num_branches": 2, "num_partial_branches": 0, "covered_branches": 0, "missing_branches": 2}, "missing_lines": [246, 247, 249, 250], "excluded_lines": [], "executed_branches": [], "missing_branches": [[246, 247], [246, 249]]}, "validate_username": {"executed_lines": [], "summary": {"covered_lines": 0, "num_statements": 4, "percent_covered": 0.0, "percent_covered_display": "0", "missing_lines": 4, "excluded_lines": 0, "num_branches": 2, "num_partial_branches": 0, "covered_branches": 0, "missing_branches": 2}, "missing_lines": [263, 264, 267, 268], "excluded_lines": [], "executed_branches": [], "missing_branches": [[263, 264], [263, 267]]}, "sanitize_sql_input": {"executed_lines": [], "summary": {"covered_lines": 0, "num_statements": 7, "percent_covered": 0.0, "percent_covered_display": "0", "missing_lines": 7, "excluded_lines": 0, "num_branches": 6, "num_partial_branches": 0, "covered_branches": 0, "missing_branches": 6}, "missing_lines": [283, 285, 296, 297, 298, 299, 301], "excluded_lines": [], "executed_branches": [], "missing_branches": [[283, 285], [283, 301], [296, 297], [296, 301], [297, 296], [297, 298]]}, "": {"executed_lines": [1, 29, 30, 31, 32, 34, 37, 55, 81, 107, 138, 184, 208, 236, 253, 271], "summary": {"covered_lines": 15, "num_statements": 15, "percent_covered": 100.0, "percent_covered_display": "100", "missing_lines": 0, "excluded_lines": 0, "num_branches": 0, "num_partial_branches": 0, "covered_branches": 0, "missing_branches": 0}, "missing_lines": [], "excluded_lines": [], "executed_branches": [], "missing_branches": []}}, "classes": {"": {"executed_lines": [1, 29, 30, 31, 32, 34, 37, 55, 81, 107, 138, 184, 208, 236, 253, 271], "summary": {"covered_lines": 15, "num_statements": 99, "percent_covered": 9.554140127388536, "percent_covered_display": "10", "missing_lines": 84, "excluded_lines": 0, "num_branches": 58, "num_partial_branches": 0, "covered_branches": 0, "missing_branches": 58}, "missing_lines": [47, 48, 51, 52, 65, 66, 68, 69, 71, 72, 73, 74, 75, 76, 78, 93, 94, 96, 97, 99, 100, 102, 103, 104, 118, 119, 121, 122, 123, 124, 125, 128, 131, 132, 133, 135, 148, 149, 152, 153, 154, 155, 158, 159, 162, 163, 166, 176, 177, 178, 179, 181, 196, 197, 199, 200, 202, 203, 205, 219, 220, 222, 223, 225, 226, 229, 230, 231, 233, 246, 247, 249, 250, 263, 264, 267, 268, 283, 285, 296, 297, 298, 299, 301], "excluded_lines": [], "executed_branches": [], "missing_branches": [[47, 48], [47, 51], [65, 66], [65, 68], [68, 69], [68, 71], [71, 72], [71, 78], [96, 97], [96, 99], [99, 100], [99, 102], [118, 119], [118, 121], [121, 122], [121, 128], [131, 132], [131, 135], [148, 149], [148, 152], [153, 154], [153, 158], [154, 153], [154, 155], [158, 159], [158, 162], [162, 163], [162, 166], [176, 177], [176, 181], [177, 176], [177, 178], [178, 176], [178, 179], [196, 197], [196, 199], [199, 200], [199, 202], [202, 203], [202, 205], [219, 220], [219, 222], [222, 223], [222, 225], [225, 226], [225, 229], [230, 231], [230, 233], [246, 247], [246, 249], [263, 264], [263, 267], [283, 285], [283, 301], [296, 297], [296, 301], [297, 296], [297, 298]]}}}}, "totals": {"covered_lines": 1921, "num_statements": 7753, "percent_covered": 22.02202202202202, "percent_covered_display": "22", "missing_lines": 5832, "excluded_lines": 50, "num_branches": 1238, "num_partial_branches": 29, "covered_branches": 59, "missing_branches": 1179}}